2016-03-01 22:53:24.597 ERROR 3494 --- [similar_movie_service.SimilarMovieService.main()] c.c.c.ConfigServicePropertySourceLocator : Could not locate PropertySource: I/O error on GET request for "http://localhost:8888/similar-movies/default":Connection refused; nested exception is java.net.ConnectException: Connection refused
2016-03-01 22:53:24.607  INFO 3494 --- [similar_movie_service.SimilarMovieService.main()] ationConfigEmbeddedWebApplicationContext : Refreshing org.springframework.boot.context.embedded.AnnotationConfigEmbeddedWebApplicationContext@4542b93c: startup date [Tue Mar 01 22:53:24 PST 2016]; parent: org.springframework.context.annotation.AnnotationConfigApplicationContext@42e7781f
2016-03-01 22:53:25.416  INFO 3494 --- [similar_movie_service.SimilarMovieService.main()] o.s.b.f.s.DefaultListableBeanFactory     : Overriding bean definition for bean 'beanNameViewResolver': replacing [Root bean: class [null]; scope=; abstract=false; lazyInit=false; autowireMode=3; dependencyCheck=0; autowireCandidate=true; primary=false; factoryBeanName=org.springframework.boot.autoconfigure.web.ErrorMvcAutoConfiguration$WhitelabelErrorViewConfiguration; factoryMethodName=beanNameViewResolver; initMethodName=null; destroyMethodName=(inferred); defined in class path resource [org/springframework/boot/autoconfigure/web/ErrorMvcAutoConfiguration$WhitelabelErrorViewConfiguration.class]] with [Root bean: class [null]; scope=; abstract=false; lazyInit=false; autowireMode=3; dependencyCheck=0; autowireCandidate=true; primary=false; factoryBeanName=org.springframework.boot.autoconfigure.web.WebMvcAutoConfiguration$WebMvcAutoConfigurationAdapter; factoryMethodName=beanNameViewResolver; initMethodName=null; destroyMethodName=(inferred); defined in class path resource [org/springframework/boot/autoconfigure/web/WebMvcAutoConfiguration$WebMvcAutoConfigurationAdapter.class]]
2016-03-01 22:53:25.715  INFO 3494 --- [similar_movie_service.SimilarMovieService.main()] o.s.b.f.s.DefaultListableBeanFactory     : Overriding bean definition for bean 'infoEndpoint': replacing [Root bean: class [null]; scope=; abstract=false; lazyInit=false; autowireMode=3; dependencyCheck=0; autowireCandidate=true; primary=false; factoryBeanName=org.springframework.boot.actuate.autoconfigure.EndpointAutoConfiguration; factoryMethodName=infoEndpoint; initMethodName=null; destroyMethodName=(inferred); defined in class path resource [org/springframework/boot/actuate/autoconfigure/EndpointAutoConfiguration.class]] with [Root bean: class [null]; scope=; abstract=false; lazyInit=false; autowireMode=3; dependencyCheck=0; autowireCandidate=true; primary=false; factoryBeanName=org.springframework.cloud.autoconfigure.RefreshAutoConfiguration$InfoEndpointRebinderConfiguration; factoryMethodName=infoEndpoint; initMethodName=null; destroyMethodName=(inferred); defined in class path resource [org/springframework/cloud/autoconfigure/RefreshAutoConfiguration$InfoEndpointRebinderConfiguration.class]]
2016-03-01 22:53:26.026  INFO 3494 --- [similar_movie_service.SimilarMovieService.main()] o.s.cloud.context.scope.GenericScope     : BeanFactory id=fe0e0f28-0936-3417-b794-6e51fc6a6c3c
2016-03-01 22:53:26.042  INFO 3494 --- [similar_movie_service.SimilarMovieService.main()] f.a.AutowiredAnnotationBeanPostProcessor : JSR-330 'javax.inject.Inject' annotation found and supported for autowiring
2016-03-01 22:53:26.113  INFO 3494 --- [similar_movie_service.SimilarMovieService.main()] trationDelegate$BeanPostProcessorChecker : Bean 'org.springframework.cloud.autoconfigure.RefreshAutoConfiguration$ConfigurationPropertiesRebinderConfiguration' of type [class org.springframework.cloud.autoconfigure.RefreshAutoConfiguration$ConfigurationPropertiesRebinderConfiguration$$EnhancerBySpringCGLIB$$a6a12d21] is not eligible for getting processed by all BeanPostProcessors (for example: not eligible for auto-proxying)
2016-03-01 22:53:26.386  INFO 3494 --- [similar_movie_service.SimilarMovieService.main()] s.b.c.e.t.TomcatEmbeddedServletContainer : Tomcat initialized with port(s): 7070 (http)
2016-03-01 22:53:26.601  INFO 3494 --- [similar_movie_service.SimilarMovieService.main()] o.apache.catalina.core.StandardService   : Starting service Tomcat
2016-03-01 22:53:26.603  INFO 3494 --- [similar_movie_service.SimilarMovieService.main()] org.apache.catalina.core.StandardEngine  : Starting Servlet Engine: Apache Tomcat/8.0.23
2016-03-01 22:53:26.700  INFO 3494 --- [localhost-startStop-1] o.a.c.c.C.[Tomcat].[localhost].[/]       : Initializing Spring embedded WebApplicationContext
2016-03-01 22:53:26.700  INFO 3494 --- [localhost-startStop-1] o.s.web.context.ContextLoader            : Root WebApplicationContext: initialization completed in 2093 ms
2016-03-01 22:53:27.840  INFO 3494 --- [localhost-startStop-1] o.s.b.c.e.ServletRegistrationBean        : Mapping servlet: 'dispatcherServlet' to [/]
2016-03-01 22:53:27.844  INFO 3494 --- [localhost-startStop-1] o.s.b.c.embedded.FilterRegistrationBean  : Mapping filter: 'metricFilter' to: [/*]
2016-03-01 22:53:27.845  INFO 3494 --- [localhost-startStop-1] o.s.b.c.embedded.FilterRegistrationBean  : Mapping filter: 'characterEncodingFilter' to: [/*]
2016-03-01 22:53:27.845  INFO 3494 --- [localhost-startStop-1] o.s.b.c.embedded.FilterRegistrationBean  : Mapping filter: 'hiddenHttpMethodFilter' to: [/*]
2016-03-01 22:53:27.845  INFO 3494 --- [localhost-startStop-1] o.s.b.c.embedded.FilterRegistrationBean  : Mapping filter: 'webRequestLoggingFilter' to: [/*]
2016-03-01 22:53:27.846  INFO 3494 --- [localhost-startStop-1] o.s.b.c.embedded.FilterRegistrationBean  : Mapping filter: 'applicationContextIdFilter' to: [/*]
2016-03-01 22:53:27.971  INFO 3494 --- [similar_movie_service.SimilarMovieService.main()] o.s.b.f.config.PropertiesFactoryBean     : Loading properties file from class path resource [rest-default-messages.properties]
2016-03-01 22:53:28.271  WARN 3494 --- [similar_movie_service.SimilarMovieService.main()] c.n.c.sources.URLConfigurationSource     : No URLs will be polled as dynamic configuration sources.
2016-03-01 22:53:28.272  INFO 3494 --- [similar_movie_service.SimilarMovieService.main()] c.n.c.sources.URLConfigurationSource     : To enable URLs as dynamic configuration sources, define System property archaius.configurationSource.additionalUrls or make config.properties available on classpath.
2016-03-01 22:53:28.283  INFO 3494 --- [similar_movie_service.SimilarMovieService.main()] c.netflix.config.DynamicPropertyFactory  : DynamicPropertyFactory is initialized with configuration sources: com.netflix.config.ConcurrentCompositeConfiguration@4f0f54e5
2016-03-01 22:53:28.382  INFO 3494 --- [similar_movie_service.SimilarMovieService.main()] s.w.s.m.m.a.RequestMappingHandlerAdapter : Looking for @ControllerAdvice: org.springframework.boot.context.embedded.AnnotationConfigEmbeddedWebApplicationContext@4542b93c: startup date [Tue Mar 01 22:53:24 PST 2016]; parent: org.springframework.context.annotation.AnnotationConfigApplicationContext@42e7781f
2016-03-01 22:53:28.445  INFO 3494 --- [similar_movie_service.SimilarMovieService.main()] s.w.s.m.m.a.RequestMappingHandlerMapping : Mapped "{[/similar-movie/{id}/{trace_uuid}],methods=[GET],params=[],headers=[],consumes=[],produces=[],custom=[]}" onto public edu.cmu.ini.ericsson.practicum.models.similarMovieService.SimilarMovie similar_movie_service.controller.SimilarMovieController.getMovie(java.lang.String,java.lang.String)
2016-03-01 22:53:28.446  INFO 3494 --- [similar_movie_service.SimilarMovieService.main()] s.w.s.m.m.a.RequestMappingHandlerMapping : Mapped "{[/similar-movie],methods=[POST],params=[],headers=[],consumes=[],produces=[],custom=[]}" onto public edu.cmu.ini.ericsson.practicum.models.similarMovieService.SimilarMovie similar_movie_service.controller.SimilarMovieController.postMovie(edu.cmu.ini.ericsson.practicum.models.similarMovieService.SimilarMovie)
2016-03-01 22:53:28.446  INFO 3494 --- [similar_movie_service.SimilarMovieService.main()] s.w.s.m.m.a.RequestMappingHandlerMapping : Mapped "{[/similar-movie/{id}],methods=[PUT],params=[],headers=[],consumes=[],produces=[],custom=[]}" onto public edu.cmu.ini.ericsson.practicum.models.similarMovieService.SimilarMovie similar_movie_service.controller.SimilarMovieController.updateMovie(java.lang.String,edu.cmu.ini.ericsson.practicum.models.similarMovieService.SimilarMovie)
2016-03-01 22:53:28.446  INFO 3494 --- [similar_movie_service.SimilarMovieService.main()] s.w.s.m.m.a.RequestMappingHandlerMapping : Mapped "{[/similar-movie/latest/{n}],methods=[GET],params=[],headers=[],consumes=[],produces=[],custom=[]}" onto public edu.cmu.ini.ericsson.practicum.models.similarMovieService.SimilarMovieList similar_movie_service.controller.SimilarMovieController.getAllMovie(java.lang.Integer)
2016-03-01 22:53:28.446  INFO 3494 --- [similar_movie_service.SimilarMovieService.main()] s.w.s.m.m.a.RequestMappingHandlerMapping : Mapped "{[/similar-movie/{id}],methods=[DELETE],params=[],headers=[],consumes=[],produces=[],custom=[]}" onto public void similar_movie_service.controller.SimilarMovieController.deleteMovie(java.lang.String)
2016-03-01 22:53:28.447  INFO 3494 --- [similar_movie_service.SimilarMovieService.main()] s.w.s.m.m.a.RequestMappingHandlerMapping : Mapped "{[/error],methods=[],params=[],headers=[],consumes=[],produces=[],custom=[]}" onto public org.springframework.http.ResponseEntity<java.util.Map<java.lang.String, java.lang.Object>> org.springframework.boot.autoconfigure.web.BasicErrorController.error(javax.servlet.http.HttpServletRequest)
2016-03-01 22:53:28.448  INFO 3494 --- [similar_movie_service.SimilarMovieService.main()] s.w.s.m.m.a.RequestMappingHandlerMapping : Mapped "{[/error],methods=[],params=[],headers=[],consumes=[],produces=[text/html],custom=[]}" onto public org.springframework.web.servlet.ModelAndView org.springframework.boot.autoconfigure.web.BasicErrorController.errorHtml(javax.servlet.http.HttpServletRequest)
2016-03-01 22:53:28.474  INFO 3494 --- [similar_movie_service.SimilarMovieService.main()] o.s.w.s.handler.SimpleUrlHandlerMapping  : Mapped URL path [/webjars/**] onto handler of type [class org.springframework.web.servlet.resource.ResourceHttpRequestHandler]
2016-03-01 22:53:28.474  INFO 3494 --- [similar_movie_service.SimilarMovieService.main()] o.s.w.s.handler.SimpleUrlHandlerMapping  : Mapped URL path [/**] onto handler of type [class org.springframework.web.servlet.resource.ResourceHttpRequestHandler]
2016-03-01 22:53:28.504  INFO 3494 --- [similar_movie_service.SimilarMovieService.main()] o.s.w.s.handler.SimpleUrlHandlerMapping  : Mapped URL path [/**/favicon.ico] onto handler of type [class org.springframework.web.servlet.resource.ResourceHttpRequestHandler]
2016-03-01 22:53:28.585  INFO 3494 --- [similar_movie_service.SimilarMovieService.main()] roperties$SimpleAuthenticationProperties : 

Using default password for shell access: 08224160-f45c-4187-abee-ddbb8897c1be


2016-03-01 22:53:29.278 ERROR 3494 --- [similar_movie_service.SimilarMovieService.main()] org.crsh.ssh.term.SSHLifeCycle           : Could not start CRaSSHD

java.net.BindException: Address already in use
	at sun.nio.ch.Net.bind0(Native Method)
	at sun.nio.ch.Net.bind(Net.java:433)
	at sun.nio.ch.Net.bind(Net.java:425)
	at sun.nio.ch.AsynchronousServerSocketChannelImpl.bind(AsynchronousServerSocketChannelImpl.java:162)
	at org.apache.sshd.common.io.nio2.Nio2Acceptor.bind(Nio2Acceptor.java:59)
	at org.apache.sshd.SshServer.start(SshServer.java:349)
	at org.crsh.ssh.term.SSHLifeCycle.init(SSHLifeCycle.java:185)
	at org.crsh.ssh.SSHPlugin.init(SSHPlugin.java:194)
	at org.crsh.plugin.PluginManager.getPlugins(PluginManager.java:83)
	at org.crsh.plugin.PluginContext.start(PluginContext.java:327)
	at org.crsh.plugin.PluginLifeCycle.start(PluginLifeCycle.java:104)
	at org.springframework.boot.actuate.autoconfigure.CrshAutoConfiguration$CrshBootstrapBean.init(CrshAutoConfiguration.java:230)
	at sun.reflect.NativeMethodAccessorImpl.invoke0(Native Method)
	at sun.reflect.NativeMethodAccessorImpl.invoke(NativeMethodAccessorImpl.java:62)
	at sun.reflect.DelegatingMethodAccessorImpl.invoke(DelegatingMethodAccessorImpl.java:43)
	at java.lang.reflect.Method.invoke(Method.java:497)
	at org.springframework.beans.factory.annotation.InitDestroyAnnotationBeanPostProcessor$LifecycleElement.invoke(InitDestroyAnnotationBeanPostProcessor.java:349)
	at org.springframework.beans.factory.annotation.InitDestroyAnnotationBeanPostProcessor$LifecycleMetadata.invokeInitMethods(InitDestroyAnnotationBeanPostProcessor.java:300)
	at org.springframework.beans.factory.annotation.InitDestroyAnnotationBeanPostProcessor.postProcessBeforeInitialization(InitDestroyAnnotationBeanPostProcessor.java:133)
	at org.springframework.beans.factory.support.AbstractAutowireCapableBeanFactory.applyBeanPostProcessorsBeforeInitialization(AbstractAutowireCapableBeanFactory.java:408)
	at org.springframework.beans.factory.support.AbstractAutowireCapableBeanFactory.initializeBean(AbstractAutowireCapableBeanFactory.java:1566)
	at org.springframework.beans.factory.support.AbstractAutowireCapableBeanFactory.doCreateBean(AbstractAutowireCapableBeanFactory.java:539)
	at org.springframework.beans.factory.support.AbstractAutowireCapableBeanFactory.createBean(AbstractAutowireCapableBeanFactory.java:476)
	at org.springframework.beans.factory.support.AbstractBeanFactory$1.getObject(AbstractBeanFactory.java:303)
	at org.springframework.beans.factory.support.DefaultSingletonBeanRegistry.getSingleton(DefaultSingletonBeanRegistry.java:230)
	at org.springframework.beans.factory.support.AbstractBeanFactory.doGetBean(AbstractBeanFactory.java:299)
	at org.springframework.beans.factory.support.AbstractBeanFactory.getBean(AbstractBeanFactory.java:194)
	at org.springframework.beans.factory.support.DefaultListableBeanFactory.preInstantiateSingletons(DefaultListableBeanFactory.java:755)
	at org.springframework.context.support.AbstractApplicationContext.finishBeanFactoryInitialization(AbstractApplicationContext.java:757)
	at org.springframework.context.support.AbstractApplicationContext.refresh(AbstractApplicationContext.java:480)
	at org.springframework.boot.context.embedded.EmbeddedWebApplicationContext.refresh(EmbeddedWebApplicationContext.java:118)
	at org.springframework.boot.SpringApplication.refresh(SpringApplication.java:686)
	at org.springframework.boot.SpringApplication.run(SpringApplication.java:320)
	at org.springframework.boot.SpringApplication.run(SpringApplication.java:957)
	at org.springframework.boot.SpringApplication.run(SpringApplication.java:946)
	at similar_movie_service.SimilarMovieService.main(SimilarMovieService.java:20)
	at sun.reflect.NativeMethodAccessorImpl.invoke0(Native Method)
	at sun.reflect.NativeMethodAccessorImpl.invoke(NativeMethodAccessorImpl.java:62)
	at sun.reflect.DelegatingMethodAccessorImpl.invoke(DelegatingMethodAccessorImpl.java:43)
	at java.lang.reflect.Method.invoke(Method.java:497)
	at org.springframework.boot.maven.RunMojo$LaunchRunner.run(RunMojo.java:418)
	at java.lang.Thread.run(Thread.java:745)

2016-03-01 22:53:29.837  INFO 3494 --- [similar_movie_service.SimilarMovieService.main()] o.s.b.a.e.mvc.EndpointHandlerMapping     : Mapped "{[/configprops],methods=[GET],params=[],headers=[],consumes=[],produces=[],custom=[]}" onto public java.lang.Object org.springframework.boot.actuate.endpoint.mvc.EndpointMvcAdapter.invoke()
2016-03-01 22:53:29.837  INFO 3494 --- [similar_movie_service.SimilarMovieService.main()] o.s.b.a.e.mvc.EndpointHandlerMapping     : Mapped "{[/env/{name:.*}],methods=[GET],params=[],headers=[],consumes=[],produces=[],custom=[]}" onto public java.lang.Object org.springframework.boot.actuate.endpoint.mvc.EnvironmentMvcEndpoint.value(java.lang.String)
2016-03-01 22:53:29.837  INFO 3494 --- [similar_movie_service.SimilarMovieService.main()] o.s.b.a.e.mvc.EndpointHandlerMapping     : Mapped "{[/env],methods=[GET],params=[],headers=[],consumes=[],produces=[],custom=[]}" onto public java.lang.Object org.springframework.boot.actuate.endpoint.mvc.EndpointMvcAdapter.invoke()
2016-03-01 22:53:29.838  INFO 3494 --- [similar_movie_service.SimilarMovieService.main()] o.s.b.a.e.mvc.EndpointHandlerMapping     : Mapped "{[/pause],methods=[POST],params=[],headers=[],consumes=[],produces=[],custom=[]}" onto public java.lang.Object org.springframework.cloud.endpoint.GenericPostableMvcEndpoint.invoke()
2016-03-01 22:53:29.838  INFO 3494 --- [similar_movie_service.SimilarMovieService.main()] o.s.b.a.e.mvc.EndpointHandlerMapping     : Mapped "{[/refresh],methods=[POST],params=[],headers=[],consumes=[],produces=[],custom=[]}" onto public java.lang.Object org.springframework.cloud.endpoint.GenericPostableMvcEndpoint.invoke()
2016-03-01 22:53:29.838  INFO 3494 --- [similar_movie_service.SimilarMovieService.main()] o.s.b.a.e.mvc.EndpointHandlerMapping     : Mapped "{[/resume],methods=[POST],params=[],headers=[],consumes=[],produces=[],custom=[]}" onto public java.lang.Object org.springframework.cloud.endpoint.GenericPostableMvcEndpoint.invoke()
2016-03-01 22:53:29.839  INFO 3494 --- [similar_movie_service.SimilarMovieService.main()] o.s.b.a.e.mvc.EndpointHandlerMapping     : Mapped "{[/info],methods=[GET],params=[],headers=[],consumes=[],produces=[],custom=[]}" onto public java.lang.Object org.springframework.boot.actuate.endpoint.mvc.EndpointMvcAdapter.invoke()
2016-03-01 22:53:29.839  INFO 3494 --- [similar_movie_service.SimilarMovieService.main()] o.s.b.a.e.mvc.EndpointHandlerMapping     : Mapped "{[/env],methods=[POST],params=[],headers=[],consumes=[],produces=[],custom=[]}" onto public java.lang.Object org.springframework.cloud.context.environment.EnvironmentManagerMvcEndpoint.value(java.util.Map<java.lang.String, java.lang.String>)
2016-03-01 22:53:29.839  INFO 3494 --- [similar_movie_service.SimilarMovieService.main()] o.s.b.a.e.mvc.EndpointHandlerMapping     : Mapped "{[/env/reset],methods=[POST],params=[],headers=[],consumes=[],produces=[],custom=[]}" onto public java.util.Map<java.lang.String, java.lang.Object> org.springframework.cloud.context.environment.EnvironmentManagerMvcEndpoint.reset()
2016-03-01 22:53:29.839  INFO 3494 --- [similar_movie_service.SimilarMovieService.main()] o.s.b.a.e.mvc.EndpointHandlerMapping     : Mapped "{[/mappings],methods=[GET],params=[],headers=[],consumes=[],produces=[],custom=[]}" onto public java.lang.Object org.springframework.boot.actuate.endpoint.mvc.EndpointMvcAdapter.invoke()
2016-03-01 22:53:29.840  INFO 3494 --- [similar_movie_service.SimilarMovieService.main()] o.s.b.a.e.mvc.EndpointHandlerMapping     : Mapped "{[/autoconfig],methods=[GET],params=[],headers=[],consumes=[],produces=[],custom=[]}" onto public java.lang.Object org.springframework.boot.actuate.endpoint.mvc.EndpointMvcAdapter.invoke()
2016-03-01 22:53:29.840  INFO 3494 --- [similar_movie_service.SimilarMovieService.main()] o.s.b.a.e.mvc.EndpointHandlerMapping     : Mapped "{[/metrics/{name:.*}],methods=[GET],params=[],headers=[],consumes=[],produces=[],custom=[]}" onto public java.lang.Object org.springframework.boot.actuate.endpoint.mvc.MetricsMvcEndpoint.value(java.lang.String)
2016-03-01 22:53:29.840  INFO 3494 --- [similar_movie_service.SimilarMovieService.main()] o.s.b.a.e.mvc.EndpointHandlerMapping     : Mapped "{[/metrics],methods=[GET],params=[],headers=[],consumes=[],produces=[],custom=[]}" onto public java.lang.Object org.springframework.boot.actuate.endpoint.mvc.EndpointMvcAdapter.invoke()
2016-03-01 22:53:29.840  INFO 3494 --- [similar_movie_service.SimilarMovieService.main()] o.s.b.a.e.mvc.EndpointHandlerMapping     : Mapped "{[/health],methods=[],params=[],headers=[],consumes=[],produces=[],custom=[]}" onto public java.lang.Object org.springframework.boot.actuate.endpoint.mvc.HealthMvcEndpoint.invoke(java.security.Principal)
2016-03-01 22:53:29.841  INFO 3494 --- [similar_movie_service.SimilarMovieService.main()] o.s.b.a.e.mvc.EndpointHandlerMapping     : Mapped "{[/restart],methods=[POST],params=[],headers=[],consumes=[],produces=[],custom=[]}" onto public java.lang.Object org.springframework.cloud.context.restart.RestartMvcEndpoint.invoke()
2016-03-01 22:53:29.841  INFO 3494 --- [similar_movie_service.SimilarMovieService.main()] o.s.b.a.e.mvc.EndpointHandlerMapping     : Mapped "{[/archaius],methods=[GET],params=[],headers=[],consumes=[],produces=[],custom=[]}" onto public java.lang.Object org.springframework.boot.actuate.endpoint.mvc.EndpointMvcAdapter.invoke()
2016-03-01 22:53:29.842  INFO 3494 --- [similar_movie_service.SimilarMovieService.main()] o.s.b.a.e.mvc.EndpointHandlerMapping     : Mapped "{[/beans],methods=[GET],params=[],headers=[],consumes=[],produces=[],custom=[]}" onto public java.lang.Object org.springframework.boot.actuate.endpoint.mvc.EndpointMvcAdapter.invoke()
2016-03-01 22:53:29.843  INFO 3494 --- [similar_movie_service.SimilarMovieService.main()] o.s.b.a.e.mvc.EndpointHandlerMapping     : Mapped "{[/trace],methods=[GET],params=[],headers=[],consumes=[],produces=[],custom=[]}" onto public java.lang.Object org.springframework.boot.actuate.endpoint.mvc.EndpointMvcAdapter.invoke()
2016-03-01 22:53:29.843  INFO 3494 --- [similar_movie_service.SimilarMovieService.main()] o.s.b.a.e.mvc.EndpointHandlerMapping     : Mapped "{[/dump],methods=[GET],params=[],headers=[],consumes=[],produces=[],custom=[]}" onto public java.lang.Object org.springframework.boot.actuate.endpoint.mvc.EndpointMvcAdapter.invoke()
2016-03-01 22:53:29.926  INFO 3494 --- [similar_movie_service.SimilarMovieService.main()] o.s.d.r.w.RepositoryRestHandlerAdapter   : Looking for @ControllerAdvice: org.springframework.boot.context.embedded.AnnotationConfigEmbeddedWebApplicationContext@4542b93c: startup date [Tue Mar 01 22:53:24 PST 2016]; parent: org.springframework.context.annotation.AnnotationConfigApplicationContext@42e7781f
2016-03-01 22:53:29.943  INFO 3494 --- [similar_movie_service.SimilarMovieService.main()] o.s.d.r.w.RepositoryRestHandlerMapping   : Mapped "{[/{repository}/{id}/{property}],methods=[GET],params=[],headers=[],consumes=[],produces=[],custom=[]}" onto public org.springframework.http.ResponseEntity<org.springframework.hateoas.ResourceSupport> org.springframework.data.rest.webmvc.RepositoryPropertyReferenceController.followPropertyReference(org.springframework.data.rest.webmvc.RootResourceInformation,java.io.Serializable,java.lang.String,org.springframework.data.rest.webmvc.PersistentEntityResourceAssembler) throws java.lang.Exception
2016-03-01 22:53:29.943  INFO 3494 --- [similar_movie_service.SimilarMovieService.main()] o.s.d.r.w.RepositoryRestHandlerMapping   : Mapped "{[/{repository}/{id}/{property}/{propertyId}],methods=[GET],params=[],headers=[],consumes=[],produces=[],custom=[]}" onto public org.springframework.http.ResponseEntity<org.springframework.hateoas.ResourceSupport> org.springframework.data.rest.webmvc.RepositoryPropertyReferenceController.followPropertyReference(org.springframework.data.rest.webmvc.RootResourceInformation,java.io.Serializable,java.lang.String,java.lang.String,org.springframework.data.rest.webmvc.PersistentEntityResourceAssembler) throws java.lang.Exception
2016-03-01 22:53:29.944  INFO 3494 --- [similar_movie_service.SimilarMovieService.main()] o.s.d.r.w.RepositoryRestHandlerMapping   : Mapped "{[/{repository}/{id}/{property}],methods=[DELETE],params=[],headers=[],consumes=[],produces=[],custom=[]}" onto public org.springframework.http.ResponseEntity<? extends org.springframework.hateoas.ResourceSupport> org.springframework.data.rest.webmvc.RepositoryPropertyReferenceController.deletePropertyReference(org.springframework.data.rest.webmvc.RootResourceInformation,java.io.Serializable,java.lang.String) throws java.lang.Exception
2016-03-01 22:53:29.944  INFO 3494 --- [similar_movie_service.SimilarMovieService.main()] o.s.d.r.w.RepositoryRestHandlerMapping   : Mapped "{[/{repository}/{id}/{property}],methods=[GET],params=[],headers=[],consumes=[],produces=[application/x-spring-data-compact+json || text/uri-list],custom=[]}" onto public org.springframework.http.ResponseEntity<org.springframework.hateoas.ResourceSupport> org.springframework.data.rest.webmvc.RepositoryPropertyReferenceController.followPropertyReferenceCompact(org.springframework.data.rest.webmvc.RootResourceInformation,java.io.Serializable,java.lang.String,org.springframework.data.rest.webmvc.PersistentEntityResourceAssembler) throws java.lang.Exception
2016-03-01 22:53:29.944  INFO 3494 --- [similar_movie_service.SimilarMovieService.main()] o.s.d.r.w.RepositoryRestHandlerMapping   : Mapped "{[/{repository}/{id}/{property}],methods=[PATCH || PUT],params=[],headers=[],consumes=[application/json || application/x-spring-data-compact+json || text/uri-list],produces=[],custom=[]}" onto public org.springframework.http.ResponseEntity<? extends org.springframework.hateoas.ResourceSupport> org.springframework.data.rest.webmvc.RepositoryPropertyReferenceController.createPropertyReference(org.springframework.data.rest.webmvc.RootResourceInformation,org.springframework.http.HttpMethod,org.springframework.hateoas.Resources<java.lang.Object>,java.io.Serializable,java.lang.String) throws java.lang.Exception
2016-03-01 22:53:29.944  INFO 3494 --- [similar_movie_service.SimilarMovieService.main()] o.s.d.r.w.RepositoryRestHandlerMapping   : Mapped "{[/{repository}/{id}/{property}/{propertyId}],methods=[DELETE],params=[],headers=[],consumes=[],produces=[],custom=[]}" onto public org.springframework.http.ResponseEntity<org.springframework.hateoas.ResourceSupport> org.springframework.data.rest.webmvc.RepositoryPropertyReferenceController.deletePropertyReferenceId(org.springframework.data.rest.webmvc.RootResourceInformation,java.io.Serializable,java.lang.String,java.lang.String) throws java.lang.Exception
2016-03-01 22:53:29.945  INFO 3494 --- [similar_movie_service.SimilarMovieService.main()] o.s.d.r.w.RepositoryRestHandlerMapping   : Mapped "{[/{repository}/schema],methods=[GET],params=[],headers=[],consumes=[],produces=[application/schema+json],custom=[]}" onto public org.springframework.http.HttpEntity<org.springframework.data.rest.webmvc.json.JsonSchema> org.springframework.data.rest.webmvc.RepositorySchemaController.schema(org.springframework.data.rest.webmvc.RootResourceInformation)
2016-03-01 22:53:29.946  INFO 3494 --- [similar_movie_service.SimilarMovieService.main()] o.s.d.r.w.RepositoryRestHandlerMapping   : Mapped "{[/{repository}],methods=[HEAD],params=[],headers=[],consumes=[],produces=[],custom=[]}" onto public org.springframework.http.ResponseEntity<?> org.springframework.data.rest.webmvc.RepositoryEntityController.headCollectionResource(org.springframework.data.rest.webmvc.RootResourceInformation) throws org.springframework.web.HttpRequestMethodNotSupportedException
2016-03-01 22:53:29.946  INFO 3494 --- [similar_movie_service.SimilarMovieService.main()] o.s.d.r.w.RepositoryRestHandlerMapping   : Mapped "{[/{repository}],methods=[GET],params=[],headers=[],consumes=[],produces=[],custom=[]}" onto public org.springframework.hateoas.Resources<?> org.springframework.data.rest.webmvc.RepositoryEntityController.getCollectionResource(org.springframework.data.rest.webmvc.RootResourceInformation,org.springframework.data.rest.webmvc.support.DefaultedPageable,org.springframework.data.domain.Sort,org.springframework.data.rest.webmvc.PersistentEntityResourceAssembler) throws org.springframework.data.rest.webmvc.ResourceNotFoundException,org.springframework.web.HttpRequestMethodNotSupportedException
2016-03-01 22:53:29.946  INFO 3494 --- [similar_movie_service.SimilarMovieService.main()] o.s.d.r.w.RepositoryRestHandlerMapping   : Mapped "{[/{repository}],methods=[OPTIONS],params=[],headers=[],consumes=[],produces=[],custom=[]}" onto public org.springframework.http.ResponseEntity<?> org.springframework.data.rest.webmvc.RepositoryEntityController.optionsForCollectionResource(org.springframework.data.rest.webmvc.RootResourceInformation)
2016-03-01 22:53:29.946  INFO 3494 --- [similar_movie_service.SimilarMovieService.main()] o.s.d.r.w.RepositoryRestHandlerMapping   : Mapped "{[/{repository}],methods=[GET],params=[],headers=[],consumes=[],produces=[application/x-spring-data-compact+json || text/uri-list],custom=[]}" onto public org.springframework.hateoas.Resources<?> org.springframework.data.rest.webmvc.RepositoryEntityController.getCollectionResourceCompact(org.springframework.data.rest.webmvc.RootResourceInformation,org.springframework.data.rest.webmvc.support.DefaultedPageable,org.springframework.data.domain.Sort,org.springframework.data.rest.webmvc.PersistentEntityResourceAssembler) throws org.springframework.data.rest.webmvc.ResourceNotFoundException,org.springframework.web.HttpRequestMethodNotSupportedException
2016-03-01 22:53:29.946  INFO 3494 --- [similar_movie_service.SimilarMovieService.main()] o.s.d.r.w.RepositoryRestHandlerMapping   : Mapped "{[/{repository}],methods=[POST],params=[],headers=[],consumes=[],produces=[],custom=[]}" onto public org.springframework.http.ResponseEntity<org.springframework.hateoas.ResourceSupport> org.springframework.data.rest.webmvc.RepositoryEntityController.postCollectionResource(org.springframework.data.rest.webmvc.RootResourceInformation,org.springframework.data.rest.webmvc.PersistentEntityResource,org.springframework.data.rest.webmvc.PersistentEntityResourceAssembler) throws org.springframework.web.HttpRequestMethodNotSupportedException
2016-03-01 22:53:29.946  INFO 3494 --- [similar_movie_service.SimilarMovieService.main()] o.s.d.r.w.RepositoryRestHandlerMapping   : Mapped "{[/{repository}/{id}],methods=[OPTIONS],params=[],headers=[],consumes=[],produces=[],custom=[]}" onto public org.springframework.http.ResponseEntity<?> org.springframework.data.rest.webmvc.RepositoryEntityController.optionsForItemResource(org.springframework.data.rest.webmvc.RootResourceInformation)
2016-03-01 22:53:29.947  INFO 3494 --- [similar_movie_service.SimilarMovieService.main()] o.s.d.r.w.RepositoryRestHandlerMapping   : Mapped "{[/{repository}/{id}],methods=[HEAD],params=[],headers=[],consumes=[],produces=[],custom=[]}" onto public org.springframework.http.ResponseEntity<?> org.springframework.data.rest.webmvc.RepositoryEntityController.headForItemResource(org.springframework.data.rest.webmvc.RootResourceInformation,java.io.Serializable) throws org.springframework.web.HttpRequestMethodNotSupportedException
2016-03-01 22:53:29.947  INFO 3494 --- [similar_movie_service.SimilarMovieService.main()] o.s.d.r.w.RepositoryRestHandlerMapping   : Mapped "{[/{repository}/{id}],methods=[GET],params=[],headers=[],consumes=[],produces=[],custom=[]}" onto public org.springframework.http.ResponseEntity<org.springframework.hateoas.Resource<?>> org.springframework.data.rest.webmvc.RepositoryEntityController.getItemResource(org.springframework.data.rest.webmvc.RootResourceInformation,java.io.Serializable,org.springframework.data.rest.webmvc.PersistentEntityResourceAssembler) throws org.springframework.web.HttpRequestMethodNotSupportedException
2016-03-01 22:53:29.947  INFO 3494 --- [similar_movie_service.SimilarMovieService.main()] o.s.d.r.w.RepositoryRestHandlerMapping   : Mapped "{[/{repository}/{id}],methods=[PUT],params=[],headers=[],consumes=[],produces=[],custom=[]}" onto public org.springframework.http.ResponseEntity<? extends org.springframework.hateoas.ResourceSupport> org.springframework.data.rest.webmvc.RepositoryEntityController.putItemResource(org.springframework.data.rest.webmvc.RootResourceInformation,org.springframework.data.rest.webmvc.PersistentEntityResource,java.io.Serializable,org.springframework.data.rest.webmvc.PersistentEntityResourceAssembler) throws org.springframework.web.HttpRequestMethodNotSupportedException
2016-03-01 22:53:29.947  INFO 3494 --- [similar_movie_service.SimilarMovieService.main()] o.s.d.r.w.RepositoryRestHandlerMapping   : Mapped "{[/{repository}/{id}],methods=[PATCH],params=[],headers=[],consumes=[],produces=[],custom=[]}" onto public org.springframework.http.ResponseEntity<org.springframework.hateoas.ResourceSupport> org.springframework.data.rest.webmvc.RepositoryEntityController.patchItemResource(org.springframework.data.rest.webmvc.RootResourceInformation,org.springframework.data.rest.webmvc.PersistentEntityResource,java.io.Serializable,org.springframework.data.rest.webmvc.PersistentEntityResourceAssembler) throws org.springframework.web.HttpRequestMethodNotSupportedException,org.springframework.data.rest.webmvc.ResourceNotFoundException
2016-03-01 22:53:29.947  INFO 3494 --- [similar_movie_service.SimilarMovieService.main()] o.s.d.r.w.RepositoryRestHandlerMapping   : Mapped "{[/{repository}/{id}],methods=[DELETE],params=[],headers=[],consumes=[],produces=[],custom=[]}" onto public org.springframework.http.ResponseEntity<?> org.springframework.data.rest.webmvc.RepositoryEntityController.deleteItemResource(org.springframework.data.rest.webmvc.RootResourceInformation,java.io.Serializable) throws org.springframework.data.rest.webmvc.ResourceNotFoundException,org.springframework.web.HttpRequestMethodNotSupportedException
2016-03-01 22:53:29.948  INFO 3494 --- [similar_movie_service.SimilarMovieService.main()] o.s.d.r.w.RepositoryRestHandlerMapping   : Mapped "{[/],methods=[OPTIONS],params=[],headers=[],consumes=[],produces=[],custom=[]}" onto public org.springframework.http.HttpEntity<?> org.springframework.data.rest.webmvc.RepositoryController.optionsForRepositories()
2016-03-01 22:53:29.948  INFO 3494 --- [similar_movie_service.SimilarMovieService.main()] o.s.d.r.w.RepositoryRestHandlerMapping   : Mapped "{[/],methods=[HEAD],params=[],headers=[],consumes=[],produces=[],custom=[]}" onto public org.springframework.http.ResponseEntity<?> org.springframework.data.rest.webmvc.RepositoryController.headForRepositories()
2016-03-01 22:53:29.948  INFO 3494 --- [similar_movie_service.SimilarMovieService.main()] o.s.d.r.w.RepositoryRestHandlerMapping   : Mapped "{[/],methods=[GET],params=[],headers=[],consumes=[],produces=[],custom=[]}" onto public org.springframework.http.HttpEntity<org.springframework.data.rest.webmvc.RepositoryLinksResource> org.springframework.data.rest.webmvc.RepositoryController.listRepositories()
2016-03-01 22:53:29.949  INFO 3494 --- [similar_movie_service.SimilarMovieService.main()] o.s.d.r.w.RepositoryRestHandlerMapping   : Mapped "{[/{repository}/search],methods=[OPTIONS],params=[],headers=[],consumes=[],produces=[],custom=[]}" onto public org.springframework.http.HttpEntity<?> org.springframework.data.rest.webmvc.RepositorySearchController.optionsForSearches(org.springframework.data.rest.webmvc.RootResourceInformation)
2016-03-01 22:53:29.949  INFO 3494 --- [similar_movie_service.SimilarMovieService.main()] o.s.d.r.w.RepositoryRestHandlerMapping   : Mapped "{[/{repository}/search],methods=[HEAD],params=[],headers=[],consumes=[],produces=[],custom=[]}" onto public org.springframework.http.HttpEntity<?> org.springframework.data.rest.webmvc.RepositorySearchController.headForSearches(org.springframework.data.rest.webmvc.RootResourceInformation)
2016-03-01 22:53:29.949  INFO 3494 --- [similar_movie_service.SimilarMovieService.main()] o.s.d.r.w.RepositoryRestHandlerMapping   : Mapped "{[/{repository}/search],methods=[GET],params=[],headers=[],consumes=[],produces=[],custom=[]}" onto public org.springframework.hateoas.ResourceSupport org.springframework.data.rest.webmvc.RepositorySearchController.listSearches(org.springframework.data.rest.webmvc.RootResourceInformation)
2016-03-01 22:53:29.949  INFO 3494 --- [similar_movie_service.SimilarMovieService.main()] o.s.d.r.w.RepositoryRestHandlerMapping   : Mapped "{[/{repository}/search/{search}],methods=[GET],params=[],headers=[],consumes=[],produces=[],custom=[]}" onto public org.springframework.http.ResponseEntity<java.lang.Object> org.springframework.data.rest.webmvc.RepositorySearchController.executeSearch(org.springframework.data.rest.webmvc.RootResourceInformation,org.springframework.web.context.request.WebRequest,java.lang.String,org.springframework.data.rest.webmvc.support.DefaultedPageable,org.springframework.data.domain.Sort,org.springframework.data.rest.webmvc.PersistentEntityResourceAssembler)
2016-03-01 22:53:29.949  INFO 3494 --- [similar_movie_service.SimilarMovieService.main()] o.s.d.r.w.RepositoryRestHandlerMapping   : Mapped "{[/{repository}/search/{search}],methods=[GET],params=[],headers=[],consumes=[],produces=[application/x-spring-data-compact+json],custom=[]}" onto public org.springframework.hateoas.ResourceSupport org.springframework.data.rest.webmvc.RepositorySearchController.executeSearchCompact(org.springframework.data.rest.webmvc.RootResourceInformation,org.springframework.web.context.request.WebRequest,java.lang.String,java.lang.String,org.springframework.data.rest.webmvc.support.DefaultedPageable,org.springframework.data.domain.Sort,org.springframework.data.rest.webmvc.PersistentEntityResourceAssembler)
2016-03-01 22:53:29.949  INFO 3494 --- [similar_movie_service.SimilarMovieService.main()] o.s.d.r.w.RepositoryRestHandlerMapping   : Mapped "{[/{repository}/search/{search}],methods=[OPTIONS],params=[],headers=[],consumes=[],produces=[],custom=[]}" onto public org.springframework.http.ResponseEntity<java.lang.Object> org.springframework.data.rest.webmvc.RepositorySearchController.optionsForSearch(org.springframework.data.rest.webmvc.RootResourceInformation,java.lang.String)
2016-03-01 22:53:29.951  INFO 3494 --- [similar_movie_service.SimilarMovieService.main()] o.s.d.r.w.RepositoryRestHandlerMapping   : Mapped "{[/{repository}/search/{search}],methods=[HEAD],params=[],headers=[],consumes=[],produces=[],custom=[]}" onto public org.springframework.http.ResponseEntity<java.lang.Object> org.springframework.data.rest.webmvc.RepositorySearchController.headForSearch(org.springframework.data.rest.webmvc.RootResourceInformation,java.lang.String)
2016-03-01 22:53:29.961  INFO 3494 --- [similar_movie_service.SimilarMovieService.main()] o.s.d.r.w.BaseUriAwareHandlerMapping     : Mapped "{[/alps/{repository}],methods=[GET],params=[],headers=[],consumes=[],produces=[],custom=[]}" onto org.springframework.http.HttpEntity<org.springframework.data.rest.webmvc.RootResourceInformation> org.springframework.data.rest.webmvc.alps.AlpsController.descriptor(org.springframework.data.rest.webmvc.RootResourceInformation)
2016-03-01 22:53:29.961  INFO 3494 --- [similar_movie_service.SimilarMovieService.main()] o.s.d.r.w.BaseUriAwareHandlerMapping     : Mapped "{[/alps],methods=[GET],params=[],headers=[],consumes=[],produces=[],custom=[]}" onto org.springframework.http.HttpEntity<org.springframework.hateoas.alps.Alps> org.springframework.data.rest.webmvc.alps.AlpsController.alps()
2016-03-01 22:53:29.961  INFO 3494 --- [similar_movie_service.SimilarMovieService.main()] o.s.d.r.w.BaseUriAwareHandlerMapping     : Mapped "{[/alps || /alps/{repository}],methods=[OPTIONS],params=[],headers=[],consumes=[],produces=[],custom=[]}" onto org.springframework.http.HttpEntity<?> org.springframework.data.rest.webmvc.alps.AlpsController.alpsOptions()
2016-03-01 22:53:30.110  WARN 3494 --- [similar_movie_service.SimilarMovieService.main()] c.n.c.sources.URLConfigurationSource     : No URLs will be polled as dynamic configuration sources.
2016-03-01 22:53:30.110  INFO 3494 --- [similar_movie_service.SimilarMovieService.main()] c.n.c.sources.URLConfigurationSource     : To enable URLs as dynamic configuration sources, define System property archaius.configurationSource.additionalUrls or make config.properties available on classpath.
2016-03-01 22:53:30.135  INFO 3494 --- [similar_movie_service.SimilarMovieService.main()] o.s.j.e.a.AnnotationMBeanExporter        : Registering beans for JMX exposure on startup
2016-03-01 22:53:30.147  INFO 3494 --- [similar_movie_service.SimilarMovieService.main()] o.s.j.e.a.AnnotationMBeanExporter        : Bean with name 'refreshEndpoint' has been autodetected for JMX exposure
2016-03-01 22:53:30.148  INFO 3494 --- [similar_movie_service.SimilarMovieService.main()] o.s.j.e.a.AnnotationMBeanExporter        : Bean with name 'restartEndpoint' has been autodetected for JMX exposure
2016-03-01 22:53:30.148  INFO 3494 --- [similar_movie_service.SimilarMovieService.main()] o.s.j.e.a.AnnotationMBeanExporter        : Bean with name 'configurationPropertiesRebinder' has been autodetected for JMX exposure
2016-03-01 22:53:30.154  INFO 3494 --- [similar_movie_service.SimilarMovieService.main()] o.s.j.e.a.AnnotationMBeanExporter        : Bean with name 'refreshScope' has been autodetected for JMX exposure
2016-03-01 22:53:30.155  INFO 3494 --- [similar_movie_service.SimilarMovieService.main()] o.s.j.e.a.AnnotationMBeanExporter        : Bean with name 'environmentManager' has been autodetected for JMX exposure
2016-03-01 22:53:30.159  INFO 3494 --- [similar_movie_service.SimilarMovieService.main()] o.s.j.e.a.AnnotationMBeanExporter        : Located managed bean 'environmentManager': registering with JMX server as MBean [org.springframework.cloud.context.environment:name=environmentManager,type=EnvironmentManager]
2016-03-01 22:53:30.181  INFO 3494 --- [similar_movie_service.SimilarMovieService.main()] o.s.j.e.a.AnnotationMBeanExporter        : Located managed bean 'restartEndpoint': registering with JMX server as MBean [org.springframework.cloud.context.restart:name=restartEndpoint,type=RestartEndpoint]
2016-03-01 22:53:30.196  INFO 3494 --- [similar_movie_service.SimilarMovieService.main()] o.s.j.e.a.AnnotationMBeanExporter        : Located managed bean 'refreshScope': registering with JMX server as MBean [org.springframework.cloud.context.scope.refresh:name=refreshScope,type=RefreshScope]
2016-03-01 22:53:30.211  INFO 3494 --- [similar_movie_service.SimilarMovieService.main()] o.s.j.e.a.AnnotationMBeanExporter        : Located managed bean 'configurationPropertiesRebinder': registering with JMX server as MBean [org.springframework.cloud.context.properties:name=configurationPropertiesRebinder,context=4542b93c,type=ConfigurationPropertiesRebinder]
2016-03-01 22:53:30.219  INFO 3494 --- [similar_movie_service.SimilarMovieService.main()] o.s.j.e.a.AnnotationMBeanExporter        : Located managed bean 'refreshEndpoint': registering with JMX server as MBean [org.springframework.cloud.bootstrap.config:name=refreshEndpoint,type=RefreshEndpoint]
2016-03-01 22:53:30.224  INFO 3494 --- [similar_movie_service.SimilarMovieService.main()] o.s.c.support.DefaultLifecycleProcessor  : Starting beans in phase 0
2016-03-01 22:53:30.228  INFO 3494 --- [similar_movie_service.SimilarMovieService.main()] .p.EurekaConfigBasedInstanceInfoProvider : Setting initial instance status as: STARTING
2016-03-01 22:53:30.997  INFO 3494 --- [similar_movie_service.SimilarMovieService.main()] com.netflix.discovery.DiscoveryClient    : Disable delta property : false
2016-03-01 22:53:31.008  INFO 3494 --- [similar_movie_service.SimilarMovieService.main()] com.netflix.discovery.DiscoveryClient    : Single vip registry refresh property : null
2016-03-01 22:53:31.009  INFO 3494 --- [similar_movie_service.SimilarMovieService.main()] com.netflix.discovery.DiscoveryClient    : Force full registry fetch : false
2016-03-01 22:53:31.009  INFO 3494 --- [similar_movie_service.SimilarMovieService.main()] com.netflix.discovery.DiscoveryClient    : Application is null : false
2016-03-01 22:53:31.009  INFO 3494 --- [similar_movie_service.SimilarMovieService.main()] com.netflix.discovery.DiscoveryClient    : Registered Applications size is zero : true
2016-03-01 22:53:31.009  INFO 3494 --- [similar_movie_service.SimilarMovieService.main()] com.netflix.discovery.DiscoveryClient    : Application version is -1: true
2016-03-01 22:53:31.108  INFO 3494 --- [similar_movie_service.SimilarMovieService.main()] com.netflix.discovery.DiscoveryClient    : Getting all instance registry info from the eureka server
2016-03-01 22:53:31.144  INFO 3494 --- [similar_movie_service.SimilarMovieService.main()] com.netflix.discovery.DiscoveryClient    : The response status is 200
2016-03-01 22:53:31.147  INFO 3494 --- [similar_movie_service.SimilarMovieService.main()] com.netflix.discovery.DiscoveryClient    : Starting heartbeat executor: renew interval is: 30
2016-03-01 22:53:31.155  INFO 3494 --- [similar_movie_service.SimilarMovieService.main()] c.n.e.EurekaDiscoveryClientConfiguration : Registering application similar-movies with eureka with status UP
2016-03-01 22:53:31.255  INFO 3494 --- [similar_movie_service.SimilarMovieService.main()] s.b.c.e.t.TomcatEmbeddedServletContainer : Tomcat started on port(s): 7070 (http)
2016-03-01 22:53:31.374  INFO 3494 --- [similar_movie_service.SimilarMovieService.main()] s.SimilarMovieService                    : Started SimilarMovieService in 8.404 seconds (JVM running for 13.338)
2016-03-01 22:54:01.193  INFO 3494 --- [pool-8-thread-1] com.netflix.discovery.DiscoveryClient    : DiscoveryClient_SIMILAR-MOVIES/localhost:similar-movies:7070 - Re-registering apps/SIMILAR-MOVIES
2016-03-01 22:54:01.194  INFO 3494 --- [pool-8-thread-1] com.netflix.discovery.DiscoveryClient    : DiscoveryClient_SIMILAR-MOVIES/localhost:similar-movies:7070: registering service...
2016-03-01 22:54:01.220  INFO 3494 --- [pool-8-thread-1] com.netflix.discovery.DiscoveryClient    : DiscoveryClient_SIMILAR-MOVIES/localhost:similar-movies:7070 - registration status: 204
2016-03-01 22:54:11.158  INFO 3494 --- [DiscoveryClient-2] com.netflix.discovery.DiscoveryClient    : DiscoveryClient_SIMILAR-MOVIES/localhost:similar-movies:7070 - retransmit instance info with status UP
2016-03-01 22:54:11.158  INFO 3494 --- [DiscoveryClient-2] com.netflix.discovery.DiscoveryClient    : DiscoveryClient_SIMILAR-MOVIES/localhost:similar-movies:7070: registering service...
2016-03-01 22:54:11.164  INFO 3494 --- [DiscoveryClient-2] com.netflix.discovery.DiscoveryClient    : DiscoveryClient_SIMILAR-MOVIES/localhost:similar-movies:7070 - registration status: 204
2016-03-01 22:54:31.239  INFO 3494 --- [pool-8-thread-1] com.netflix.discovery.DiscoveryClient    : DiscoveryClient_SIMILAR-MOVIES/localhost:similar-movies:7070 - Re-registering apps/SIMILAR-MOVIES
2016-03-01 22:54:31.241  INFO 3494 --- [pool-8-thread-1] com.netflix.discovery.DiscoveryClient    : DiscoveryClient_SIMILAR-MOVIES/localhost:similar-movies:7070: registering service...
2016-03-01 22:54:31.253  INFO 3494 --- [pool-8-thread-1] com.netflix.discovery.DiscoveryClient    : DiscoveryClient_SIMILAR-MOVIES/localhost:similar-movies:7070 - registration status: 204
2016-03-01 22:56:38.777  INFO 3494 --- [http-nio-7070-exec-1] o.a.c.c.C.[Tomcat].[localhost].[/]       : Initializing Spring FrameworkServlet 'dispatcherServlet'
2016-03-01 22:56:38.780  INFO 3494 --- [http-nio-7070-exec-1] o.s.web.servlet.DispatcherServlet        : FrameworkServlet 'dispatcherServlet': initialization started
2016-03-01 22:56:39.438  INFO 3494 --- [http-nio-7070-exec-1] o.s.web.servlet.DispatcherServlet        : FrameworkServlet 'dispatcherServlet': initialization completed in 658 ms
2016-03-01 22:56:39.648  INFO 3494 --- [http-nio-7070-exec-1] s.controller.SimilarMovieController      : EricssonTrace:[traceID=e057655d-267e-4be2-b20a-eddc8c253191] [endpoint=similar_movie_service/similar-movie/1] [timestamp=1456901799648] [S_at=similar_movie_service] [S_out=null]
2016-03-01 22:58:01.372  INFO 3494 --- [http-nio-7070-exec-3] s.controller.SimilarMovieController      : EricssonTrace:[traceID=a9819387-a849-4d4f-b3aa-a8740076627d] [endpoint=similar_movie_service/similar-movie/1] [timestamp=1456901881372] [S_at=similar_movie_service] [S_out=null]
2016-03-01 22:58:01.587  INFO 3494 --- [http-nio-7070-exec-4] s.controller.SimilarMovieController      : EricssonTrace:[traceID=88c4046b-b4fd-4b81-981b-5e453e237bef] [endpoint=similar_movie_service/similar-movie/1] [timestamp=1456901881587] [S_at=similar_movie_service] [S_out=null]
2016-03-01 22:58:59.618  INFO 3494 --- [http-nio-7070-exec-6] s.controller.SimilarMovieController      : EricssonTrace:[traceID=2efc4f18-960b-4d61-b6d4-8be6e81517a1] [endpoint=similar_movie_service/similar-movie/1] [timestamp=1456901939618] [S_at=similar_movie_service] [S_out=null]
2016-03-01 22:59:07.161  INFO 3494 --- [http-nio-7070-exec-7] s.controller.SimilarMovieController      : EricssonTrace:[traceID=36963dee-e405-4c34-83e0-b1df9b4ce20c] [endpoint=similar_movie_service/similar-movie/1] [timestamp=1456901947161] [S_at=similar_movie_service] [S_out=null]
2016-03-01 23:02:20.548  INFO 3494 --- [http-nio-7070-exec-9] s.controller.SimilarMovieController      : EricssonTrace:[traceID=84f1c51e-f8fc-4f5c-933c-f2bb5e9499e1] [endpoint=similar_movie_service/similar-movie/1] [timestamp=1456902140548] [S_at=similar_movie_service] [S_out=null]
2016-03-01 23:02:21.638  INFO 3494 --- [http-nio-7070-exec-10] s.controller.SimilarMovieController      : EricssonTrace:[traceID=b7ab62b1-c99e-48bc-8f93-f44ccac4dded] [endpoint=similar_movie_service/similar-movie/1] [timestamp=1456902141638] [S_at=similar_movie_service] [S_out=null]
2016-03-01 23:02:21.977  INFO 3494 --- [http-nio-7070-exec-1] s.controller.SimilarMovieController      : EricssonTrace:[traceID=95830288-d9e5-402f-8a30-dc75cd76b36b] [endpoint=similar_movie_service/similar-movie/3] [timestamp=1456902141977] [S_at=similar_movie_service] [S_out=null]
2016-03-01 23:05:20.508  INFO 3494 --- [http-nio-7070-exec-3] s.controller.SimilarMovieController      : EricssonTrace:[traceID=c5719a15-d614-45ea-9b05-48ddcdeccb38] [endpoint=similar_movie_service/similar-movie/1] [timestamp=1456902320508] [S_at=similar_movie_service] [S_out=null]
2016-03-01 23:05:21.774  INFO 3494 --- [http-nio-7070-exec-4] s.controller.SimilarMovieController      : EricssonTrace:[traceID=3c70a410-9257-42b9-9fd5-55a33633a36d] [endpoint=similar_movie_service/similar-movie/1] [timestamp=1456902321773] [S_at=similar_movie_service] [S_out=null]
2016-03-01 23:08:10.754  INFO 3494 --- [http-nio-7070-exec-6] s.controller.SimilarMovieController      : EricssonTrace:[traceID=25b112b0-b51d-4163-b9ba-f1d1928dfbb6] [endpoint=similar_movie_service/similar-movie/1] [timestamp=1456902490754] [S_at=similar_movie_service] [S_out=null]
2016-03-01 23:59:00.275  INFO 3494 --- [http-nio-7070-exec-8] s.controller.SimilarMovieController      : EricssonTrace:[traceID=4f5bb457-9113-46dd-a592-b55f6f88405f] [endpoint=similar_movie_service/similar-movie/1] [timestamp=1456905540275] [S_at=similar_movie_service] [S_out=null]
2016-03-01 23:59:07.731  INFO 3494 --- [http-nio-7070-exec-9] s.controller.SimilarMovieController      : EricssonTrace:[traceID=a137ad5d-4875-4e50-8222-9a33691bcf1f] [endpoint=similar_movie_service/similar-movie/2] [timestamp=1456905547730] [S_at=similar_movie_service] [S_out=null]
2016-03-02 00:13:26.241  INFO 3494 --- [http-nio-7070-exec-3] s.controller.SimilarMovieController      : EricssonTrace:[traceID=6df89694-6adb-4d12-9b74-a007600816ef] [endpoint=similar_movie_service/similar-movie/3] [timestamp=1456906406240] [S_at=similar_movie_service] [S_out=null]
2016-03-02 00:13:36.939  INFO 3494 --- [http-nio-7070-exec-4] s.controller.SimilarMovieController      : EricssonTrace:[traceID=6a782bd2-de97-4225-b45a-86b3506bedac] [endpoint=similar_movie_service/similar-movie/1] [timestamp=1456906416939] [S_at=similar_movie_service] [S_out=null]
2016-03-02 00:15:36.127  INFO 3494 --- [http-nio-7070-exec-6] s.controller.SimilarMovieController      : EricssonTrace:[traceID=b281f070-b029-48a9-a243-8ac371bdc4af] [endpoint=similar_movie_service/similar-movie/13] [timestamp=1456906536127] [S_at=similar_movie_service] [S_out=null]
2016-03-02 00:39:05.991  INFO 3494 --- [http-nio-7070-exec-8] s.controller.SimilarMovieController      : EricssonTrace:[traceID=994317d5-81b0-4176-9ebf-f91feaaa00fb] [endpoint=similar_movie_service/similar-movie/1] [timestamp=1456907945991] [S_at=similar_movie_service] [S_out=null]
2016-03-02 00:39:06.127  INFO 3494 --- [http-nio-7070-exec-9] s.controller.SimilarMovieController      : EricssonTrace:[traceID=1dafe7c8-6742-4c9b-9d8b-0d4bbb3cb398] [endpoint=similar_movie_service/similar-movie/1] [timestamp=1456907946127] [S_at=similar_movie_service] [S_out=null]
2016-03-02 00:45:31.625  INFO 3494 --- [http-nio-7070-exec-1] s.controller.SimilarMovieController      : EricssonTrace:[traceID=70e03129-dfa8-442c-8f78-3677f4443cff] [endpoint=similar_movie_service/similar-movie/1] [timestamp=1456908331625] [S_at=similar_movie_service] [S_out=null]
2016-03-02 00:45:32.880  INFO 3494 --- [http-nio-7070-exec-2] s.controller.SimilarMovieController      : EricssonTrace:[traceID=7698cec0-8b83-405d-802d-5eb5d60e4446] [endpoint=similar_movie_service/similar-movie/1] [timestamp=1456908332880] [S_at=similar_movie_service] [S_out=null]
2016-03-02 00:48:16.657  INFO 3494 --- [http-nio-7070-exec-7] s.controller.SimilarMovieController      : EricssonTrace:[traceID=6e1ebdc1-efd8-4daa-b392-4ace0ee38caf] [endpoint=similar_movie_service/similar-movie/1] [timestamp=1456908496657] [S_at=similar_movie_service] [S_out=null]
2016-03-02 02:03:22.120  INFO 3494 --- [http-nio-7070-exec-3] s.controller.SimilarMovieController      : EricssonTrace:[traceID=e3684635-b310-4667-bdec-dbfbe3efe5ad] [endpoint=similar_movie_service/similar-movie/1] [timestamp=1456913002120] [S_at=similar_movie_service] [S_out=null]
2016-03-02 02:03:22.214  INFO 3494 --- [http-nio-7070-exec-4] s.controller.SimilarMovieController      : EricssonTrace:[traceID=e57138de-de51-42bb-85a8-008f4ab1c3ba] [endpoint=similar_movie_service/similar-movie/1] [timestamp=1456913002214] [S_at=similar_movie_service] [S_out=null]
2016-03-02 02:03:31.259  INFO 3494 --- [http-nio-7070-exec-5] s.controller.SimilarMovieController      : EricssonTrace:[traceID=a47ad05b-dcf3-45d0-8f19-d8350355dec9] [endpoint=similar_movie_service/similar-movie/1] [timestamp=1456913011259] [S_at=similar_movie_service] [S_out=null]
