2016-02-28 15:09:07.869 ERROR 2984 --- [image_service.ImageServiceApplication.main()] c.c.c.ConfigServicePropertySourceLocator : Could not locate PropertySource: I/O error on GET request for "http://localhost:8888/images/default":Connection refused; nested exception is java.net.ConnectException: Connection refused
2016-02-28 15:09:07.877  INFO 2984 --- [image_service.ImageServiceApplication.main()] ationConfigEmbeddedWebApplicationContext : Refreshing org.springframework.boot.context.embedded.AnnotationConfigEmbeddedWebApplicationContext@348c27cf: startup date [Sun Feb 28 15:09:07 PST 2016]; parent: org.springframework.context.annotation.AnnotationConfigApplicationContext@3e000806
2016-02-28 15:09:08.495  INFO 2984 --- [image_service.ImageServiceApplication.main()] o.s.b.f.s.DefaultListableBeanFactory     : Overriding bean definition for bean 'beanNameViewResolver': replacing [Root bean: class [null]; scope=; abstract=false; lazyInit=false; autowireMode=3; dependencyCheck=0; autowireCandidate=true; primary=false; factoryBeanName=org.springframework.boot.autoconfigure.web.ErrorMvcAutoConfiguration$WhitelabelErrorViewConfiguration; factoryMethodName=beanNameViewResolver; initMethodName=null; destroyMethodName=(inferred); defined in class path resource [org/springframework/boot/autoconfigure/web/ErrorMvcAutoConfiguration$WhitelabelErrorViewConfiguration.class]] with [Root bean: class [null]; scope=; abstract=false; lazyInit=false; autowireMode=3; dependencyCheck=0; autowireCandidate=true; primary=false; factoryBeanName=org.springframework.boot.autoconfigure.web.WebMvcAutoConfiguration$WebMvcAutoConfigurationAdapter; factoryMethodName=beanNameViewResolver; initMethodName=null; destroyMethodName=(inferred); defined in class path resource [org/springframework/boot/autoconfigure/web/WebMvcAutoConfiguration$WebMvcAutoConfigurationAdapter.class]]
2016-02-28 15:09:08.696  INFO 2984 --- [image_service.ImageServiceApplication.main()] o.s.cloud.context.scope.GenericScope     : BeanFactory id=999f5f9a-543d-34ad-8035-a1eebce8b7fc
2016-02-28 15:09:08.704  INFO 2984 --- [image_service.ImageServiceApplication.main()] f.a.AutowiredAnnotationBeanPostProcessor : JSR-330 'javax.inject.Inject' annotation found and supported for autowiring
2016-02-28 15:09:08.734  INFO 2984 --- [image_service.ImageServiceApplication.main()] trationDelegate$BeanPostProcessorChecker : Bean 'org.springframework.cloud.autoconfigure.RefreshAutoConfiguration$ConfigurationPropertiesRebinderConfiguration' of type [class org.springframework.cloud.autoconfigure.RefreshAutoConfiguration$ConfigurationPropertiesRebinderConfiguration$$EnhancerBySpringCGLIB$$6b9cc465] is not eligible for getting processed by all BeanPostProcessors (for example: not eligible for auto-proxying)
2016-02-28 15:09:08.916  INFO 2984 --- [image_service.ImageServiceApplication.main()] s.b.c.e.t.TomcatEmbeddedServletContainer : Tomcat initialized with port(s): 8080 (http)
2016-02-28 15:09:09.119  INFO 2984 --- [image_service.ImageServiceApplication.main()] o.apache.catalina.core.StandardService   : Starting service Tomcat
2016-02-28 15:09:09.121  INFO 2984 --- [image_service.ImageServiceApplication.main()] org.apache.catalina.core.StandardEngine  : Starting Servlet Engine: Apache Tomcat/8.0.23
2016-02-28 15:09:09.209  INFO 2984 --- [localhost-startStop-1] o.a.c.c.C.[Tomcat].[localhost].[/]       : Initializing Spring embedded WebApplicationContext
2016-02-28 15:09:09.210  INFO 2984 --- [localhost-startStop-1] o.s.web.context.ContextLoader            : Root WebApplicationContext: initialization completed in 1333 ms
2016-02-28 15:09:09.758  INFO 2984 --- [localhost-startStop-1] o.s.b.c.e.ServletRegistrationBean        : Mapping servlet: 'dispatcherServlet' to [/]
2016-02-28 15:09:09.762  INFO 2984 --- [localhost-startStop-1] o.s.b.c.embedded.FilterRegistrationBean  : Mapping filter: 'characterEncodingFilter' to: [/*]
2016-02-28 15:09:09.763  INFO 2984 --- [localhost-startStop-1] o.s.b.c.embedded.FilterRegistrationBean  : Mapping filter: 'hiddenHttpMethodFilter' to: [/*]
2016-02-28 15:09:10.046  WARN 2984 --- [image_service.ImageServiceApplication.main()] c.n.c.sources.URLConfigurationSource     : No URLs will be polled as dynamic configuration sources.
2016-02-28 15:09:10.046  INFO 2984 --- [image_service.ImageServiceApplication.main()] c.n.c.sources.URLConfigurationSource     : To enable URLs as dynamic configuration sources, define System property archaius.configurationSource.additionalUrls or make config.properties available on classpath.
2016-02-28 15:09:10.053  INFO 2984 --- [image_service.ImageServiceApplication.main()] c.netflix.config.DynamicPropertyFactory  : DynamicPropertyFactory is initialized with configuration sources: com.netflix.config.ConcurrentCompositeConfiguration@ea07d97
2016-02-28 15:09:10.254  INFO 2984 --- [image_service.ImageServiceApplication.main()] s.w.s.m.m.a.RequestMappingHandlerAdapter : Looking for @ControllerAdvice: org.springframework.boot.context.embedded.AnnotationConfigEmbeddedWebApplicationContext@348c27cf: startup date [Sun Feb 28 15:09:07 PST 2016]; parent: org.springframework.context.annotation.AnnotationConfigApplicationContext@3e000806
2016-02-28 15:09:10.304  INFO 2984 --- [image_service.ImageServiceApplication.main()] s.w.s.m.m.a.RequestMappingHandlerMapping : Mapped "{[/image/get/{id}/{trace_uuid}],methods=[GET],params=[],headers=[],consumes=[],produces=[],custom=[]}" onto public edu.cmu.ini.ericsson.practicum.models.imageService.Image image_service.ImageController.getImage(java.lang.String,java.lang.String) throws java.io.IOException
2016-02-28 15:09:10.304  INFO 2984 --- [image_service.ImageServiceApplication.main()] s.w.s.m.m.a.RequestMappingHandlerMapping : Mapped "{[/image/latest/{n}],methods=[GET],params=[],headers=[],consumes=[],produces=[],custom=[]}" onto public edu.cmu.ini.ericsson.practicum.models.imageService.ImageList image_service.ImageController.getImageList(java.lang.String) throws java.io.IOException
2016-02-28 15:09:10.304  INFO 2984 --- [image_service.ImageServiceApplication.main()] s.w.s.m.m.a.RequestMappingHandlerMapping : Mapped "{[/image/add/{id}],methods=[POST],params=[],headers=[],consumes=[],produces=[],custom=[]}" onto public void image_service.ImageController.addImage(java.lang.String,java.lang.String) throws java.io.IOException
2016-02-28 15:09:10.305  INFO 2984 --- [image_service.ImageServiceApplication.main()] s.w.s.m.m.a.RequestMappingHandlerMapping : Mapped "{[/error],methods=[],params=[],headers=[],consumes=[],produces=[],custom=[]}" onto public org.springframework.http.ResponseEntity<java.util.Map<java.lang.String, java.lang.Object>> org.springframework.boot.autoconfigure.web.BasicErrorController.error(javax.servlet.http.HttpServletRequest)
2016-02-28 15:09:10.306  INFO 2984 --- [image_service.ImageServiceApplication.main()] s.w.s.m.m.a.RequestMappingHandlerMapping : Mapped "{[/error],methods=[],params=[],headers=[],consumes=[],produces=[text/html],custom=[]}" onto public org.springframework.web.servlet.ModelAndView org.springframework.boot.autoconfigure.web.BasicErrorController.errorHtml(javax.servlet.http.HttpServletRequest)
2016-02-28 15:09:10.330  INFO 2984 --- [image_service.ImageServiceApplication.main()] o.s.w.s.handler.SimpleUrlHandlerMapping  : Mapped URL path [/webjars/**] onto handler of type [class org.springframework.web.servlet.resource.ResourceHttpRequestHandler]
2016-02-28 15:09:10.330  INFO 2984 --- [image_service.ImageServiceApplication.main()] o.s.w.s.handler.SimpleUrlHandlerMapping  : Mapped URL path [/**] onto handler of type [class org.springframework.web.servlet.resource.ResourceHttpRequestHandler]
2016-02-28 15:09:10.384  INFO 2984 --- [image_service.ImageServiceApplication.main()] o.s.w.s.handler.SimpleUrlHandlerMapping  : Mapped URL path [/**/favicon.ico] onto handler of type [class org.springframework.web.servlet.resource.ResourceHttpRequestHandler]
2016-02-28 15:09:10.506  WARN 2984 --- [image_service.ImageServiceApplication.main()] c.n.c.sources.URLConfigurationSource     : No URLs will be polled as dynamic configuration sources.
2016-02-28 15:09:10.507  INFO 2984 --- [image_service.ImageServiceApplication.main()] c.n.c.sources.URLConfigurationSource     : To enable URLs as dynamic configuration sources, define System property archaius.configurationSource.additionalUrls or make config.properties available on classpath.
2016-02-28 15:09:10.517  INFO 2984 --- [image_service.ImageServiceApplication.main()] o.s.j.e.a.AnnotationMBeanExporter        : Registering beans for JMX exposure on startup
2016-02-28 15:09:10.525  INFO 2984 --- [image_service.ImageServiceApplication.main()] o.s.j.e.a.AnnotationMBeanExporter        : Bean with name 'configurationPropertiesRebinder' has been autodetected for JMX exposure
2016-02-28 15:09:10.526  INFO 2984 --- [image_service.ImageServiceApplication.main()] o.s.j.e.a.AnnotationMBeanExporter        : Bean with name 'refreshScope' has been autodetected for JMX exposure
2016-02-28 15:09:10.526  INFO 2984 --- [image_service.ImageServiceApplication.main()] o.s.j.e.a.AnnotationMBeanExporter        : Bean with name 'environmentManager' has been autodetected for JMX exposure
2016-02-28 15:09:10.528  INFO 2984 --- [image_service.ImageServiceApplication.main()] o.s.j.e.a.AnnotationMBeanExporter        : Located managed bean 'environmentManager': registering with JMX server as MBean [org.springframework.cloud.context.environment:name=environmentManager,type=EnvironmentManager]
2016-02-28 15:09:10.538  INFO 2984 --- [image_service.ImageServiceApplication.main()] o.s.j.e.a.AnnotationMBeanExporter        : Located managed bean 'refreshScope': registering with JMX server as MBean [org.springframework.cloud.context.scope.refresh:name=refreshScope,type=RefreshScope]
2016-02-28 15:09:10.544  INFO 2984 --- [image_service.ImageServiceApplication.main()] o.s.j.e.a.AnnotationMBeanExporter        : Located managed bean 'configurationPropertiesRebinder': registering with JMX server as MBean [org.springframework.cloud.context.properties:name=configurationPropertiesRebinder,context=348c27cf,type=ConfigurationPropertiesRebinder]
2016-02-28 15:09:10.552  INFO 2984 --- [image_service.ImageServiceApplication.main()] o.s.c.support.DefaultLifecycleProcessor  : Starting beans in phase 0
2016-02-28 15:09:10.555  INFO 2984 --- [image_service.ImageServiceApplication.main()] .p.EurekaConfigBasedInstanceInfoProvider : Setting initial instance status as: STARTING
2016-02-28 15:09:10.912  INFO 2984 --- [image_service.ImageServiceApplication.main()] com.netflix.discovery.DiscoveryClient    : Disable delta property : false
2016-02-28 15:09:10.913  INFO 2984 --- [image_service.ImageServiceApplication.main()] com.netflix.discovery.DiscoveryClient    : Single vip registry refresh property : null
2016-02-28 15:09:10.913  INFO 2984 --- [image_service.ImageServiceApplication.main()] com.netflix.discovery.DiscoveryClient    : Force full registry fetch : false
2016-02-28 15:09:10.913  INFO 2984 --- [image_service.ImageServiceApplication.main()] com.netflix.discovery.DiscoveryClient    : Application is null : false
2016-02-28 15:09:10.913  INFO 2984 --- [image_service.ImageServiceApplication.main()] com.netflix.discovery.DiscoveryClient    : Registered Applications size is zero : true
2016-02-28 15:09:10.913  INFO 2984 --- [image_service.ImageServiceApplication.main()] com.netflix.discovery.DiscoveryClient    : Application version is -1: true
2016-02-28 15:09:11.025  INFO 2984 --- [image_service.ImageServiceApplication.main()] com.netflix.discovery.DiscoveryClient    : Getting all instance registry info from the eureka server
2016-02-28 15:09:11.068  INFO 2984 --- [image_service.ImageServiceApplication.main()] com.netflix.discovery.DiscoveryClient    : The response status is 200
2016-02-28 15:09:11.071  INFO 2984 --- [image_service.ImageServiceApplication.main()] com.netflix.discovery.DiscoveryClient    : Starting heartbeat executor: renew interval is: 30
2016-02-28 15:09:11.078  INFO 2984 --- [image_service.ImageServiceApplication.main()] c.n.e.EurekaDiscoveryClientConfiguration : Registering application images with eureka with status UP
2016-02-28 15:09:11.141  INFO 2984 --- [image_service.ImageServiceApplication.main()] s.b.c.e.t.TomcatEmbeddedServletContainer : Tomcat started on port(s): 8080 (http)
2016-02-28 15:09:11.142  INFO 2984 --- [image_service.ImageServiceApplication.main()] image_service.ImageServiceApplication    : Started ImageServiceApplication in 4.834 seconds (JVM running for 8.283)
2016-02-28 15:09:41.098  INFO 2984 --- [pool-2-thread-1] com.netflix.discovery.DiscoveryClient    : DiscoveryClient_IMAGES/localhost:images:8080 - Re-registering apps/IMAGES
2016-02-28 15:09:41.099  INFO 2984 --- [pool-2-thread-1] com.netflix.discovery.DiscoveryClient    : DiscoveryClient_IMAGES/localhost:images:8080: registering service...
2016-02-28 15:09:41.119  INFO 2984 --- [pool-2-thread-1] com.netflix.discovery.DiscoveryClient    : DiscoveryClient_IMAGES/localhost:images:8080 - registration status: 204
2016-02-28 15:09:51.082  INFO 2984 --- [DiscoveryClient-2] com.netflix.discovery.DiscoveryClient    : DiscoveryClient_IMAGES/localhost:images:8080 - retransmit instance info with status UP
2016-02-28 15:09:51.082  INFO 2984 --- [DiscoveryClient-2] com.netflix.discovery.DiscoveryClient    : DiscoveryClient_IMAGES/localhost:images:8080: registering service...
2016-02-28 15:09:51.096  INFO 2984 --- [DiscoveryClient-2] com.netflix.discovery.DiscoveryClient    : DiscoveryClient_IMAGES/localhost:images:8080 - registration status: 204
2016-02-28 15:09:53.901  INFO 2984 --- [http-nio-8080-exec-1] o.a.c.c.C.[Tomcat].[localhost].[/]       : Initializing Spring FrameworkServlet 'dispatcherServlet'
2016-02-28 15:09:53.902  INFO 2984 --- [http-nio-8080-exec-1] o.s.web.servlet.DispatcherServlet        : FrameworkServlet 'dispatcherServlet': initialization started
2016-02-28 15:09:53.920  INFO 2984 --- [http-nio-8080-exec-1] o.s.web.servlet.DispatcherServlet        : FrameworkServlet 'dispatcherServlet': initialization completed in 18 ms
2016-02-28 15:10:10.383  INFO 2984 --- [Thread-1] s.c.a.AnnotationConfigApplicationContext : Closing org.springframework.context.annotation.AnnotationConfigApplicationContext@3e000806: startup date [Sun Feb 28 15:09:07 PST 2016]; root of context hierarchy
2016-02-28 15:10:10.384  INFO 2984 --- [Thread-1] ationConfigEmbeddedWebApplicationContext : Closing org.springframework.boot.context.embedded.AnnotationConfigEmbeddedWebApplicationContext@348c27cf: startup date [Sun Feb 28 15:09:07 PST 2016]; parent: org.springframework.context.annotation.AnnotationConfigApplicationContext@3e000806
2016-02-28 15:10:10.385  INFO 2984 --- [Thread-1] o.s.c.support.DefaultLifecycleProcessor  : Stopping beans in phase 0
2016-02-28 15:10:10.386  INFO 2984 --- [Thread-1] c.n.e.EurekaDiscoveryClientConfiguration : Unregistering application images with eureka with status DOWN
2016-02-28 15:10:10.388  INFO 2984 --- [Thread-1] o.s.j.e.a.AnnotationMBeanExporter        : Unregistering JMX-exposed beans on shutdown
2016-02-28 15:10:10.389  INFO 2984 --- [Thread-1] o.s.j.e.a.AnnotationMBeanExporter        : Unregistering JMX-exposed beans
2016-02-28 15:10:10.390  INFO 2984 --- [Thread-1] c.n.e.EurekaDiscoveryClientConfiguration : Closing DiscoveryClient.jerseyClient
2016-02-28 15:10:10.391  INFO 2984 --- [Thread-1] c.n.e.EurekaDiscoveryClientConfiguration : Removing application images from eureka
2016-02-28 15:10:10.400 ERROR 2984 --- [Thread-1] com.netflix.discovery.DiscoveryClient    : Can't get a response from http://localhost:8761/eureka/apps/IMAGES/localhost:images:8080
Can't contact any eureka nodes - possibly a security group issue?

com.sun.jersey.api.client.ClientHandlerException: java.net.ConnectException: Connection refused
	at com.sun.jersey.client.apache4.ApacheHttpClient4Handler.handle(ApacheHttpClient4Handler.java:184)
	at com.sun.jersey.api.client.filter.GZIPContentEncodingFilter.handle(GZIPContentEncodingFilter.java:120)
	at com.netflix.discovery.EurekaIdentityHeaderFilter.handle(EurekaIdentityHeaderFilter.java:28)
	at com.sun.jersey.api.client.Client.handle(Client.java:648)
	at com.sun.jersey.api.client.WebResource.handle(WebResource.java:680)
	at com.sun.jersey.api.client.WebResource.delete(WebResource.java:272)
	at com.netflix.discovery.DiscoveryClient.makeRemoteCall(DiscoveryClient.java:1134)
	at com.netflix.discovery.DiscoveryClient.makeRemoteCall(DiscoveryClient.java:1060)
	at com.netflix.discovery.DiscoveryClient.unregister(DiscoveryClient.java:694)
	at com.netflix.discovery.DiscoveryClient.shutdown(DiscoveryClient.java:684)
	at com.netflix.discovery.DiscoveryManager.shutdownComponent(DiscoveryManager.java:94)
	at org.springframework.cloud.netflix.eureka.EurekaDiscoveryClientConfiguration.close(EurekaDiscoveryClientConfiguration.java:93)
	at sun.reflect.NativeMethodAccessorImpl.invoke0(Native Method)
	at sun.reflect.NativeMethodAccessorImpl.invoke(NativeMethodAccessorImpl.java:62)
	at sun.reflect.DelegatingMethodAccessorImpl.invoke(DelegatingMethodAccessorImpl.java:43)
	at java.lang.reflect.Method.invoke(Method.java:497)
	at org.springframework.beans.factory.annotation.InitDestroyAnnotationBeanPostProcessor$LifecycleElement.invoke(InitDestroyAnnotationBeanPostProcessor.java:349)
	at org.springframework.beans.factory.annotation.InitDestroyAnnotationBeanPostProcessor$LifecycleMetadata.invokeDestroyMethods(InitDestroyAnnotationBeanPostProcessor.java:314)
	at org.springframework.beans.factory.annotation.InitDestroyAnnotationBeanPostProcessor.postProcessBeforeDestruction(InitDestroyAnnotationBeanPostProcessor.java:153)
	at org.springframework.beans.factory.support.DisposableBeanAdapter.destroy(DisposableBeanAdapter.java:239)
	at org.springframework.beans.factory.support.DefaultSingletonBeanRegistry.destroyBean(DefaultSingletonBeanRegistry.java:578)
	at org.springframework.beans.factory.support.DefaultSingletonBeanRegistry.destroySingleton(DefaultSingletonBeanRegistry.java:554)
	at org.springframework.beans.factory.support.DefaultListableBeanFactory.destroySingleton(DefaultListableBeanFactory.java:900)
	at org.springframework.beans.factory.support.DefaultSingletonBeanRegistry.destroySingletons(DefaultSingletonBeanRegistry.java:523)
	at org.springframework.beans.factory.support.DefaultListableBeanFactory.destroySingletons(DefaultListableBeanFactory.java:907)
	at org.springframework.context.support.AbstractApplicationContext.destroyBeans(AbstractApplicationContext.java:908)
	at org.springframework.context.support.AbstractApplicationContext.doClose(AbstractApplicationContext.java:884)
	at org.springframework.boot.context.embedded.EmbeddedWebApplicationContext.doClose(EmbeddedWebApplicationContext.java:150)
	at org.springframework.context.support.AbstractApplicationContext.close(AbstractApplicationContext.java:836)
	at org.springframework.boot.builder.ParentContextCloserApplicationListener$ContextCloserListener.onApplicationEvent(ParentContextCloserApplicationListener.java:102)
	at org.springframework.boot.builder.ParentContextCloserApplicationListener$ContextCloserListener.onApplicationEvent(ParentContextCloserApplicationListener.java:86)
	at org.springframework.context.event.SimpleApplicationEventMulticaster.invokeListener(SimpleApplicationEventMulticaster.java:151)
	at org.springframework.context.event.SimpleApplicationEventMulticaster.multicastEvent(SimpleApplicationEventMulticaster.java:128)
	at org.springframework.context.support.AbstractApplicationContext.publishEvent(AbstractApplicationContext.java:331)
	at org.springframework.context.support.AbstractApplicationContext.doClose(AbstractApplicationContext.java:869)
	at org.springframework.context.support.AbstractApplicationContext$1.run(AbstractApplicationContext.java:804)
Caused by: java.net.ConnectException: Connection refused
	at java.net.PlainSocketImpl.socketConnect(Native Method)
	at java.net.AbstractPlainSocketImpl.doConnect(AbstractPlainSocketImpl.java:350)
	at java.net.AbstractPlainSocketImpl.connectToAddress(AbstractPlainSocketImpl.java:206)
	at java.net.AbstractPlainSocketImpl.connect(AbstractPlainSocketImpl.java:188)
	at java.net.SocksSocketImpl.connect(SocksSocketImpl.java:392)
	at java.net.Socket.connect(Socket.java:589)
	at org.apache.http.conn.scheme.PlainSocketFactory.connectSocket(PlainSocketFactory.java:117)
	at org.apache.http.impl.conn.DefaultClientConnectionOperator.openConnection(DefaultClientConnectionOperator.java:177)
	at org.apache.http.impl.conn.AbstractPoolEntry.open(AbstractPoolEntry.java:144)
	at org.apache.http.impl.conn.AbstractPooledConnAdapter.open(AbstractPooledConnAdapter.java:131)
	at org.apache.http.impl.client.DefaultRequestDirector.tryConnect(DefaultRequestDirector.java:611)
	at org.apache.http.impl.client.DefaultRequestDirector.execute(DefaultRequestDirector.java:446)
	at org.apache.http.impl.client.AbstractHttpClient.doExecute(AbstractHttpClient.java:863)
	at org.apache.http.impl.client.CloseableHttpClient.execute(CloseableHttpClient.java:115)
	at org.apache.http.impl.client.CloseableHttpClient.execute(CloseableHttpClient.java:57)
	at com.sun.jersey.client.apache4.ApacheHttpClient4Handler.handle(ApacheHttpClient4Handler.java:170)
	... 35 common frames omitted

2016-02-28 15:10:10.401 ERROR 2984 --- [Thread-1] com.netflix.discovery.DiscoveryClient    : DiscoveryClient_IMAGES/localhost:images:8080 - de-registration failedjava.net.ConnectException: Connection refused

com.sun.jersey.api.client.ClientHandlerException: java.net.ConnectException: Connection refused
	at com.sun.jersey.client.apache4.ApacheHttpClient4Handler.handle(ApacheHttpClient4Handler.java:184)
	at com.sun.jersey.api.client.filter.GZIPContentEncodingFilter.handle(GZIPContentEncodingFilter.java:120)
	at com.netflix.discovery.EurekaIdentityHeaderFilter.handle(EurekaIdentityHeaderFilter.java:28)
	at com.sun.jersey.api.client.Client.handle(Client.java:648)
	at com.sun.jersey.api.client.WebResource.handle(WebResource.java:680)
	at com.sun.jersey.api.client.WebResource.delete(WebResource.java:272)
	at com.netflix.discovery.DiscoveryClient.makeRemoteCall(DiscoveryClient.java:1134)
	at com.netflix.discovery.DiscoveryClient.makeRemoteCall(DiscoveryClient.java:1060)
	at com.netflix.discovery.DiscoveryClient.unregister(DiscoveryClient.java:694)
	at com.netflix.discovery.DiscoveryClient.shutdown(DiscoveryClient.java:684)
	at com.netflix.discovery.DiscoveryManager.shutdownComponent(DiscoveryManager.java:94)
	at org.springframework.cloud.netflix.eureka.EurekaDiscoveryClientConfiguration.close(EurekaDiscoveryClientConfiguration.java:93)
	at sun.reflect.NativeMethodAccessorImpl.invoke0(Native Method)
	at sun.reflect.NativeMethodAccessorImpl.invoke(NativeMethodAccessorImpl.java:62)
	at sun.reflect.DelegatingMethodAccessorImpl.invoke(DelegatingMethodAccessorImpl.java:43)
	at java.lang.reflect.Method.invoke(Method.java:497)
	at org.springframework.beans.factory.annotation.InitDestroyAnnotationBeanPostProcessor$LifecycleElement.invoke(InitDestroyAnnotationBeanPostProcessor.java:349)
	at org.springframework.beans.factory.annotation.InitDestroyAnnotationBeanPostProcessor$LifecycleMetadata.invokeDestroyMethods(InitDestroyAnnotationBeanPostProcessor.java:314)
	at org.springframework.beans.factory.annotation.InitDestroyAnnotationBeanPostProcessor.postProcessBeforeDestruction(InitDestroyAnnotationBeanPostProcessor.java:153)
	at org.springframework.beans.factory.support.DisposableBeanAdapter.destroy(DisposableBeanAdapter.java:239)
	at org.springframework.beans.factory.support.DefaultSingletonBeanRegistry.destroyBean(DefaultSingletonBeanRegistry.java:578)
	at org.springframework.beans.factory.support.DefaultSingletonBeanRegistry.destroySingleton(DefaultSingletonBeanRegistry.java:554)
	at org.springframework.beans.factory.support.DefaultListableBeanFactory.destroySingleton(DefaultListableBeanFactory.java:900)
	at org.springframework.beans.factory.support.DefaultSingletonBeanRegistry.destroySingletons(DefaultSingletonBeanRegistry.java:523)
	at org.springframework.beans.factory.support.DefaultListableBeanFactory.destroySingletons(DefaultListableBeanFactory.java:907)
	at org.springframework.context.support.AbstractApplicationContext.destroyBeans(AbstractApplicationContext.java:908)
	at org.springframework.context.support.AbstractApplicationContext.doClose(AbstractApplicationContext.java:884)
	at org.springframework.boot.context.embedded.EmbeddedWebApplicationContext.doClose(EmbeddedWebApplicationContext.java:150)
	at org.springframework.context.support.AbstractApplicationContext.close(AbstractApplicationContext.java:836)
	at org.springframework.boot.builder.ParentContextCloserApplicationListener$ContextCloserListener.onApplicationEvent(ParentContextCloserApplicationListener.java:102)
	at org.springframework.boot.builder.ParentContextCloserApplicationListener$ContextCloserListener.onApplicationEvent(ParentContextCloserApplicationListener.java:86)
	at org.springframework.context.event.SimpleApplicationEventMulticaster.invokeListener(SimpleApplicationEventMulticaster.java:151)
	at org.springframework.context.event.SimpleApplicationEventMulticaster.multicastEvent(SimpleApplicationEventMulticaster.java:128)
	at org.springframework.context.support.AbstractApplicationContext.publishEvent(AbstractApplicationContext.java:331)
	at org.springframework.context.support.AbstractApplicationContext.doClose(AbstractApplicationContext.java:869)
	at org.springframework.context.support.AbstractApplicationContext$1.run(AbstractApplicationContext.java:804)
Caused by: java.net.ConnectException: Connection refused
	at java.net.PlainSocketImpl.socketConnect(Native Method)
	at java.net.AbstractPlainSocketImpl.doConnect(AbstractPlainSocketImpl.java:350)
	at java.net.AbstractPlainSocketImpl.connectToAddress(AbstractPlainSocketImpl.java:206)
	at java.net.AbstractPlainSocketImpl.connect(AbstractPlainSocketImpl.java:188)
	at java.net.SocksSocketImpl.connect(SocksSocketImpl.java:392)
	at java.net.Socket.connect(Socket.java:589)
	at org.apache.http.conn.scheme.PlainSocketFactory.connectSocket(PlainSocketFactory.java:117)
	at org.apache.http.impl.conn.DefaultClientConnectionOperator.openConnection(DefaultClientConnectionOperator.java:177)
	at org.apache.http.impl.conn.AbstractPoolEntry.open(AbstractPoolEntry.java:144)
	at org.apache.http.impl.conn.AbstractPooledConnAdapter.open(AbstractPooledConnAdapter.java:131)
	at org.apache.http.impl.client.DefaultRequestDirector.tryConnect(DefaultRequestDirector.java:611)
	at org.apache.http.impl.client.DefaultRequestDirector.execute(DefaultRequestDirector.java:446)
	at org.apache.http.impl.client.AbstractHttpClient.doExecute(AbstractHttpClient.java:863)
	at org.apache.http.impl.client.CloseableHttpClient.execute(CloseableHttpClient.java:115)
	at org.apache.http.impl.client.CloseableHttpClient.execute(CloseableHttpClient.java:57)
	at com.sun.jersey.client.apache4.ApacheHttpClient4Handler.handle(ApacheHttpClient4Handler.java:170)
	... 35 common frames omitted

2016-03-01 22:53:06.124 ERROR 3473 --- [image_service.ImageServiceApplication.main()] c.c.c.ConfigServicePropertySourceLocator : Could not locate PropertySource: I/O error on GET request for "http://localhost:8888/images/default":Connection refused; nested exception is java.net.ConnectException: Connection refused
2016-03-01 22:53:06.130  INFO 3473 --- [image_service.ImageServiceApplication.main()] ationConfigEmbeddedWebApplicationContext : Refreshing org.springframework.boot.context.embedded.AnnotationConfigEmbeddedWebApplicationContext@5aa25f2c: startup date [Tue Mar 01 22:53:06 PST 2016]; parent: org.springframework.context.annotation.AnnotationConfigApplicationContext@5f7f999c
2016-03-01 22:53:06.758  INFO 3473 --- [image_service.ImageServiceApplication.main()] o.s.b.f.s.DefaultListableBeanFactory     : Overriding bean definition for bean 'beanNameViewResolver': replacing [Root bean: class [null]; scope=; abstract=false; lazyInit=false; autowireMode=3; dependencyCheck=0; autowireCandidate=true; primary=false; factoryBeanName=org.springframework.boot.autoconfigure.web.ErrorMvcAutoConfiguration$WhitelabelErrorViewConfiguration; factoryMethodName=beanNameViewResolver; initMethodName=null; destroyMethodName=(inferred); defined in class path resource [org/springframework/boot/autoconfigure/web/ErrorMvcAutoConfiguration$WhitelabelErrorViewConfiguration.class]] with [Root bean: class [null]; scope=; abstract=false; lazyInit=false; autowireMode=3; dependencyCheck=0; autowireCandidate=true; primary=false; factoryBeanName=org.springframework.boot.autoconfigure.web.WebMvcAutoConfiguration$WebMvcAutoConfigurationAdapter; factoryMethodName=beanNameViewResolver; initMethodName=null; destroyMethodName=(inferred); defined in class path resource [org/springframework/boot/autoconfigure/web/WebMvcAutoConfiguration$WebMvcAutoConfigurationAdapter.class]]
2016-03-01 22:53:06.975  INFO 3473 --- [image_service.ImageServiceApplication.main()] o.s.cloud.context.scope.GenericScope     : BeanFactory id=999f5f9a-543d-34ad-8035-a1eebce8b7fc
2016-03-01 22:53:06.979  INFO 3473 --- [image_service.ImageServiceApplication.main()] f.a.AutowiredAnnotationBeanPostProcessor : JSR-330 'javax.inject.Inject' annotation found and supported for autowiring
2016-03-01 22:53:07.005  INFO 3473 --- [image_service.ImageServiceApplication.main()] trationDelegate$BeanPostProcessorChecker : Bean 'org.springframework.cloud.autoconfigure.RefreshAutoConfiguration$ConfigurationPropertiesRebinderConfiguration' of type [class org.springframework.cloud.autoconfigure.RefreshAutoConfiguration$ConfigurationPropertiesRebinderConfiguration$$EnhancerBySpringCGLIB$$f1cb889] is not eligible for getting processed by all BeanPostProcessors (for example: not eligible for auto-proxying)
2016-03-01 22:53:07.224  INFO 3473 --- [image_service.ImageServiceApplication.main()] s.b.c.e.t.TomcatEmbeddedServletContainer : Tomcat initialized with port(s): 8080 (http)
2016-03-01 22:53:07.419  INFO 3473 --- [image_service.ImageServiceApplication.main()] o.apache.catalina.core.StandardService   : Starting service Tomcat
2016-03-01 22:53:07.420  INFO 3473 --- [image_service.ImageServiceApplication.main()] org.apache.catalina.core.StandardEngine  : Starting Servlet Engine: Apache Tomcat/8.0.23
2016-03-01 22:53:07.531  INFO 3473 --- [localhost-startStop-1] o.a.c.c.C.[Tomcat].[localhost].[/]       : Initializing Spring embedded WebApplicationContext
2016-03-01 22:53:07.532  INFO 3473 --- [localhost-startStop-1] o.s.web.context.ContextLoader            : Root WebApplicationContext: initialization completed in 1402 ms
2016-03-01 22:53:08.090  INFO 3473 --- [localhost-startStop-1] o.s.b.c.e.ServletRegistrationBean        : Mapping servlet: 'dispatcherServlet' to [/]
2016-03-01 22:53:08.093  INFO 3473 --- [localhost-startStop-1] o.s.b.c.embedded.FilterRegistrationBean  : Mapping filter: 'characterEncodingFilter' to: [/*]
2016-03-01 22:53:08.094  INFO 3473 --- [localhost-startStop-1] o.s.b.c.embedded.FilterRegistrationBean  : Mapping filter: 'hiddenHttpMethodFilter' to: [/*]
2016-03-01 22:53:08.433  WARN 3473 --- [image_service.ImageServiceApplication.main()] c.n.c.sources.URLConfigurationSource     : No URLs will be polled as dynamic configuration sources.
2016-03-01 22:53:08.434  INFO 3473 --- [image_service.ImageServiceApplication.main()] c.n.c.sources.URLConfigurationSource     : To enable URLs as dynamic configuration sources, define System property archaius.configurationSource.additionalUrls or make config.properties available on classpath.
2016-03-01 22:53:08.443  INFO 3473 --- [image_service.ImageServiceApplication.main()] c.netflix.config.DynamicPropertyFactory  : DynamicPropertyFactory is initialized with configuration sources: com.netflix.config.ConcurrentCompositeConfiguration@7cb11e7b
2016-03-01 22:53:08.707  INFO 3473 --- [image_service.ImageServiceApplication.main()] s.w.s.m.m.a.RequestMappingHandlerAdapter : Looking for @ControllerAdvice: org.springframework.boot.context.embedded.AnnotationConfigEmbeddedWebApplicationContext@5aa25f2c: startup date [Tue Mar 01 22:53:06 PST 2016]; parent: org.springframework.context.annotation.AnnotationConfigApplicationContext@5f7f999c
2016-03-01 22:53:08.807  INFO 3473 --- [image_service.ImageServiceApplication.main()] s.w.s.m.m.a.RequestMappingHandlerMapping : Mapped "{[/image/get/{id}/{trace_uuid}],methods=[GET],params=[],headers=[],consumes=[],produces=[],custom=[]}" onto public edu.cmu.ini.ericsson.practicum.models.imageService.Image image_service.ImageController.getImage(java.lang.String,java.lang.String) throws java.io.IOException
2016-03-01 22:53:08.808  INFO 3473 --- [image_service.ImageServiceApplication.main()] s.w.s.m.m.a.RequestMappingHandlerMapping : Mapped "{[/image/add/{id}],methods=[POST],params=[],headers=[],consumes=[],produces=[],custom=[]}" onto public void image_service.ImageController.addImage(java.lang.String,java.lang.String) throws java.io.IOException
2016-03-01 22:53:08.810  INFO 3473 --- [image_service.ImageServiceApplication.main()] s.w.s.m.m.a.RequestMappingHandlerMapping : Mapped "{[/image/latest/{n}],methods=[GET],params=[],headers=[],consumes=[],produces=[],custom=[]}" onto public edu.cmu.ini.ericsson.practicum.models.imageService.ImageList image_service.ImageController.getImageList(java.lang.String) throws java.io.IOException
2016-03-01 22:53:08.812  INFO 3473 --- [image_service.ImageServiceApplication.main()] s.w.s.m.m.a.RequestMappingHandlerMapping : Mapped "{[/error],methods=[],params=[],headers=[],consumes=[],produces=[],custom=[]}" onto public org.springframework.http.ResponseEntity<java.util.Map<java.lang.String, java.lang.Object>> org.springframework.boot.autoconfigure.web.BasicErrorController.error(javax.servlet.http.HttpServletRequest)
2016-03-01 22:53:08.813  INFO 3473 --- [image_service.ImageServiceApplication.main()] s.w.s.m.m.a.RequestMappingHandlerMapping : Mapped "{[/error],methods=[],params=[],headers=[],consumes=[],produces=[text/html],custom=[]}" onto public org.springframework.web.servlet.ModelAndView org.springframework.boot.autoconfigure.web.BasicErrorController.errorHtml(javax.servlet.http.HttpServletRequest)
2016-03-01 22:53:08.969  INFO 3473 --- [image_service.ImageServiceApplication.main()] o.s.w.s.handler.SimpleUrlHandlerMapping  : Mapped URL path [/webjars/**] onto handler of type [class org.springframework.web.servlet.resource.ResourceHttpRequestHandler]
2016-03-01 22:53:08.969  INFO 3473 --- [image_service.ImageServiceApplication.main()] o.s.w.s.handler.SimpleUrlHandlerMapping  : Mapped URL path [/**] onto handler of type [class org.springframework.web.servlet.resource.ResourceHttpRequestHandler]
2016-03-01 22:53:09.030  INFO 3473 --- [image_service.ImageServiceApplication.main()] o.s.w.s.handler.SimpleUrlHandlerMapping  : Mapped URL path [/**/favicon.ico] onto handler of type [class org.springframework.web.servlet.resource.ResourceHttpRequestHandler]
2016-03-01 22:53:09.196  WARN 3473 --- [image_service.ImageServiceApplication.main()] c.n.c.sources.URLConfigurationSource     : No URLs will be polled as dynamic configuration sources.
2016-03-01 22:53:09.196  INFO 3473 --- [image_service.ImageServiceApplication.main()] c.n.c.sources.URLConfigurationSource     : To enable URLs as dynamic configuration sources, define System property archaius.configurationSource.additionalUrls or make config.properties available on classpath.
2016-03-01 22:53:09.215  INFO 3473 --- [image_service.ImageServiceApplication.main()] o.s.j.e.a.AnnotationMBeanExporter        : Registering beans for JMX exposure on startup
2016-03-01 22:53:09.223  INFO 3473 --- [image_service.ImageServiceApplication.main()] o.s.j.e.a.AnnotationMBeanExporter        : Bean with name 'configurationPropertiesRebinder' has been autodetected for JMX exposure
2016-03-01 22:53:09.224  INFO 3473 --- [image_service.ImageServiceApplication.main()] o.s.j.e.a.AnnotationMBeanExporter        : Bean with name 'refreshScope' has been autodetected for JMX exposure
2016-03-01 22:53:09.225  INFO 3473 --- [image_service.ImageServiceApplication.main()] o.s.j.e.a.AnnotationMBeanExporter        : Bean with name 'environmentManager' has been autodetected for JMX exposure
2016-03-01 22:53:09.228  INFO 3473 --- [image_service.ImageServiceApplication.main()] o.s.j.e.a.AnnotationMBeanExporter        : Located managed bean 'environmentManager': registering with JMX server as MBean [org.springframework.cloud.context.environment:name=environmentManager,type=EnvironmentManager]
2016-03-01 22:53:09.240  INFO 3473 --- [image_service.ImageServiceApplication.main()] o.s.j.e.a.AnnotationMBeanExporter        : Located managed bean 'refreshScope': registering with JMX server as MBean [org.springframework.cloud.context.scope.refresh:name=refreshScope,type=RefreshScope]
2016-03-01 22:53:09.246  INFO 3473 --- [image_service.ImageServiceApplication.main()] o.s.j.e.a.AnnotationMBeanExporter        : Located managed bean 'configurationPropertiesRebinder': registering with JMX server as MBean [org.springframework.cloud.context.properties:name=configurationPropertiesRebinder,context=5aa25f2c,type=ConfigurationPropertiesRebinder]
2016-03-01 22:53:09.253  INFO 3473 --- [image_service.ImageServiceApplication.main()] o.s.c.support.DefaultLifecycleProcessor  : Starting beans in phase 0
2016-03-01 22:53:09.256  INFO 3473 --- [image_service.ImageServiceApplication.main()] .p.EurekaConfigBasedInstanceInfoProvider : Setting initial instance status as: STARTING
2016-03-01 22:53:09.653  INFO 3473 --- [image_service.ImageServiceApplication.main()] com.netflix.discovery.DiscoveryClient    : Disable delta property : false
2016-03-01 22:53:09.655  INFO 3473 --- [image_service.ImageServiceApplication.main()] com.netflix.discovery.DiscoveryClient    : Single vip registry refresh property : null
2016-03-01 22:53:09.655  INFO 3473 --- [image_service.ImageServiceApplication.main()] com.netflix.discovery.DiscoveryClient    : Force full registry fetch : false
2016-03-01 22:53:09.655  INFO 3473 --- [image_service.ImageServiceApplication.main()] com.netflix.discovery.DiscoveryClient    : Application is null : false
2016-03-01 22:53:09.655  INFO 3473 --- [image_service.ImageServiceApplication.main()] com.netflix.discovery.DiscoveryClient    : Registered Applications size is zero : true
2016-03-01 22:53:09.655  INFO 3473 --- [image_service.ImageServiceApplication.main()] com.netflix.discovery.DiscoveryClient    : Application version is -1: true
2016-03-01 22:53:09.748  INFO 3473 --- [image_service.ImageServiceApplication.main()] com.netflix.discovery.DiscoveryClient    : Getting all instance registry info from the eureka server
2016-03-01 22:53:09.793  INFO 3473 --- [image_service.ImageServiceApplication.main()] com.netflix.discovery.DiscoveryClient    : The response status is 200
2016-03-01 22:53:09.796  INFO 3473 --- [image_service.ImageServiceApplication.main()] com.netflix.discovery.DiscoveryClient    : Starting heartbeat executor: renew interval is: 30
2016-03-01 22:53:09.803  INFO 3473 --- [image_service.ImageServiceApplication.main()] c.n.e.EurekaDiscoveryClientConfiguration : Registering application images with eureka with status UP
2016-03-01 22:53:09.861  INFO 3473 --- [image_service.ImageServiceApplication.main()] s.b.c.e.t.TomcatEmbeddedServletContainer : Tomcat started on port(s): 8080 (http)
2016-03-01 22:53:09.862  INFO 3473 --- [image_service.ImageServiceApplication.main()] image_service.ImageServiceApplication    : Started ImageServiceApplication in 5.41 seconds (JVM running for 9.74)
2016-03-01 22:53:39.837  INFO 3473 --- [pool-2-thread-1] com.netflix.discovery.DiscoveryClient    : DiscoveryClient_IMAGES/localhost:images:8080 - Re-registering apps/IMAGES
2016-03-01 22:53:39.838  INFO 3473 --- [pool-2-thread-1] com.netflix.discovery.DiscoveryClient    : DiscoveryClient_IMAGES/localhost:images:8080: registering service...
2016-03-01 22:53:39.862  INFO 3473 --- [pool-2-thread-1] com.netflix.discovery.DiscoveryClient    : DiscoveryClient_IMAGES/localhost:images:8080 - registration status: 204
2016-03-01 22:53:49.817  INFO 3473 --- [DiscoveryClient-2] com.netflix.discovery.DiscoveryClient    : DiscoveryClient_IMAGES/localhost:images:8080 - retransmit instance info with status UP
2016-03-01 22:53:49.820  INFO 3473 --- [DiscoveryClient-2] com.netflix.discovery.DiscoveryClient    : DiscoveryClient_IMAGES/localhost:images:8080: registering service...
2016-03-01 22:53:49.835  INFO 3473 --- [DiscoveryClient-2] com.netflix.discovery.DiscoveryClient    : DiscoveryClient_IMAGES/localhost:images:8080 - registration status: 204
2016-03-01 22:54:09.873  INFO 3473 --- [pool-2-thread-1] com.netflix.discovery.DiscoveryClient    : DiscoveryClient_IMAGES/localhost:images:8080 - Re-registering apps/IMAGES
2016-03-01 22:54:09.873  INFO 3473 --- [pool-2-thread-1] com.netflix.discovery.DiscoveryClient    : DiscoveryClient_IMAGES/localhost:images:8080: registering service...
2016-03-01 22:54:09.880  INFO 3473 --- [pool-2-thread-1] com.netflix.discovery.DiscoveryClient    : DiscoveryClient_IMAGES/localhost:images:8080 - registration status: 204
2016-03-01 22:56:41.180  INFO 3473 --- [http-nio-8080-exec-1] o.a.c.c.C.[Tomcat].[localhost].[/]       : Initializing Spring FrameworkServlet 'dispatcherServlet'
2016-03-01 22:56:41.181  INFO 3473 --- [http-nio-8080-exec-1] o.s.web.servlet.DispatcherServlet        : FrameworkServlet 'dispatcherServlet': initialization started
2016-03-01 22:56:41.222  INFO 3473 --- [http-nio-8080-exec-1] o.s.web.servlet.DispatcherServlet        : FrameworkServlet 'dispatcherServlet': initialization completed in 40 ms
2016-03-01 22:56:41.308  INFO 3473 --- [http-nio-8080-exec-1] image_service.ImageController            : EricssonTrace:[traceID=e057655d-267e-4be2-b20a-eddc8c253191] [endpoint=image_service/image/get/1] [timestamp=1456901801308] [S_at=image_service] [S_out=null]
2016-03-01 22:58:01.411  INFO 3473 --- [http-nio-8080-exec-3] image_service.ImageController            : EricssonTrace:[traceID=a9819387-a849-4d4f-b3aa-a8740076627d] [endpoint=image_service/image/get/1] [timestamp=1456901881411] [S_at=image_service] [S_out=null]
2016-03-01 22:58:01.575  INFO 3473 --- [http-nio-8080-exec-4] image_service.ImageController            : EricssonTrace:[traceID=88c4046b-b4fd-4b81-981b-5e453e237bef] [endpoint=image_service/image/get/1] [timestamp=1456901881575] [S_at=image_service] [S_out=null]
2016-03-01 22:58:59.624  INFO 3473 --- [http-nio-8080-exec-6] image_service.ImageController            : EricssonTrace:[traceID=2efc4f18-960b-4d61-b6d4-8be6e81517a1] [endpoint=image_service/image/get/1] [timestamp=1456901939624] [S_at=image_service] [S_out=null]
2016-03-01 22:59:07.171  INFO 3473 --- [http-nio-8080-exec-7] image_service.ImageController            : EricssonTrace:[traceID=36963dee-e405-4c34-83e0-b1df9b4ce20c] [endpoint=image_service/image/get/1] [timestamp=1456901947171] [S_at=image_service] [S_out=null]
2016-03-01 23:02:20.589  INFO 3473 --- [http-nio-8080-exec-9] image_service.ImageController            : EricssonTrace:[traceID=84f1c51e-f8fc-4f5c-933c-f2bb5e9499e1] [endpoint=image_service/image/get/1] [timestamp=1456902140589] [S_at=image_service] [S_out=null]
2016-03-01 23:02:21.633  INFO 3473 --- [http-nio-8080-exec-10] image_service.ImageController            : EricssonTrace:[traceID=b7ab62b1-c99e-48bc-8f93-f44ccac4dded] [endpoint=image_service/image/get/1] [timestamp=1456902141633] [S_at=image_service] [S_out=null]
2016-03-01 23:02:21.979  INFO 3473 --- [http-nio-8080-exec-1] image_service.ImageController            : EricssonTrace:[traceID=95830288-d9e5-402f-8a30-dc75cd76b36b] [endpoint=image_service/image/get/3] [timestamp=1456902141979] [S_at=image_service] [S_out=null]
2016-03-01 23:05:20.544  INFO 3473 --- [http-nio-8080-exec-3] image_service.ImageController            : EricssonTrace:[traceID=c5719a15-d614-45ea-9b05-48ddcdeccb38] [endpoint=image_service/image/get/1] [timestamp=1456902320544] [S_at=image_service] [S_out=null]
2016-03-01 23:05:21.778  INFO 3473 --- [http-nio-8080-exec-4] image_service.ImageController            : EricssonTrace:[traceID=3c70a410-9257-42b9-9fd5-55a33633a36d] [endpoint=image_service/image/get/1] [timestamp=1456902321778] [S_at=image_service] [S_out=null]
2016-03-01 23:08:10.805  INFO 3473 --- [http-nio-8080-exec-6] image_service.ImageController            : EricssonTrace:[traceID=25b112b0-b51d-4163-b9ba-f1d1928dfbb6] [endpoint=image_service/image/get/1] [timestamp=1456902490805] [S_at=image_service] [S_out=null]
2016-03-01 23:59:00.806  INFO 3473 --- [http-nio-8080-exec-8] image_service.ImageController            : EricssonTrace:[traceID=4f5bb457-9113-46dd-a592-b55f6f88405f] [endpoint=image_service/image/get/1] [timestamp=1456905540806] [S_at=image_service] [S_out=null]
2016-03-01 23:59:07.780  INFO 3473 --- [http-nio-8080-exec-9] image_service.ImageController            : EricssonTrace:[traceID=a137ad5d-4875-4e50-8222-9a33691bcf1f] [endpoint=image_service/image/get/2] [timestamp=1456905547779] [S_at=image_service] [S_out=null]
2016-03-02 00:13:26.279  INFO 3473 --- [http-nio-8080-exec-1] image_service.ImageController            : EricssonTrace:[traceID=6df89694-6adb-4d12-9b74-a007600816ef] [endpoint=image_service/image/get/3] [timestamp=1456906406279] [S_at=image_service] [S_out=null]
2016-03-02 00:13:36.938  INFO 3473 --- [http-nio-8080-exec-2] image_service.ImageController            : EricssonTrace:[traceID=6a782bd2-de97-4225-b45a-86b3506bedac] [endpoint=image_service/image/get/1] [timestamp=1456906416938] [S_at=image_service] [S_out=null]
2016-03-02 00:15:36.185  INFO 3473 --- [http-nio-8080-exec-4] image_service.ImageController            : EricssonTrace:[traceID=b281f070-b029-48a9-a243-8ac371bdc4af] [endpoint=image_service/image/get/13] [timestamp=1456906536184] [S_at=image_service] [S_out=null]
2016-03-02 00:39:05.999  INFO 3473 --- [http-nio-8080-exec-6] image_service.ImageController            : EricssonTrace:[traceID=994317d5-81b0-4176-9ebf-f91feaaa00fb] [endpoint=image_service/image/get/1] [timestamp=1456907945999] [S_at=image_service] [S_out=null]
2016-03-02 00:39:06.163  INFO 3473 --- [http-nio-8080-exec-7] image_service.ImageController            : EricssonTrace:[traceID=1dafe7c8-6742-4c9b-9d8b-0d4bbb3cb398] [endpoint=image_service/image/get/1] [timestamp=1456907946163] [S_at=image_service] [S_out=null]
2016-03-02 00:45:31.681  INFO 3473 --- [http-nio-8080-exec-1] image_service.ImageController            : EricssonTrace:[traceID=70e03129-dfa8-442c-8f78-3677f4443cff] [endpoint=image_service/image/get/1] [timestamp=1456908331681] [S_at=image_service] [S_out=null]
2016-03-02 00:45:32.890  INFO 3473 --- [http-nio-8080-exec-2] image_service.ImageController            : EricssonTrace:[traceID=7698cec0-8b83-405d-802d-5eb5d60e4446] [endpoint=image_service/image/get/1] [timestamp=1456908332890] [S_at=image_service] [S_out=null]
2016-03-02 00:48:16.842  INFO 3473 --- [http-nio-8080-exec-7] image_service.ImageController            : EricssonTrace:[traceID=6e1ebdc1-efd8-4daa-b392-4ace0ee38caf] [endpoint=image_service/image/get/1] [timestamp=1456908496842] [S_at=image_service] [S_out=null]
2016-03-02 02:03:22.141  INFO 3473 --- [http-nio-8080-exec-3] image_service.ImageController            : EricssonTrace:[traceID=e3684635-b310-4667-bdec-dbfbe3efe5ad] [endpoint=image_service/image/get/1] [timestamp=1456913002140] [S_at=image_service] [S_out=null]
2016-03-02 02:03:22.229  INFO 3473 --- [http-nio-8080-exec-4] image_service.ImageController            : EricssonTrace:[traceID=e57138de-de51-42bb-85a8-008f4ab1c3ba] [endpoint=image_service/image/get/1] [timestamp=1456913002229] [S_at=image_service] [S_out=null]
2016-03-02 02:03:31.287  INFO 3473 --- [http-nio-8080-exec-5] image_service.ImageController            : EricssonTrace:[traceID=a47ad05b-dcf3-45d0-8f19-d8350355dec9] [endpoint=image_service/image/get/1] [timestamp=1456913011287] [S_at=image_service] [S_out=null]
